<?xml version="1.0" encoding="utf-8"?><testsuites name="pytest tests"><testsuite name="pytest" errors="0" failures="10" skipped="5" tests="52" time="35.913" timestamp="2025-10-15T16:45:09.100545-04:00" hostname="Nightrider"><testcase classname="test_unit_comprehensive.TestIntelligentCoFounder" name="test_initialization" time="0.964" /><testcase classname="test_unit_comprehensive.TestIntelligentCoFounder" name="test_chat_basic_functionality" time="0.739"><failure message="AssertionError: assert False&#10; +  where False = isinstance('#x1F916 AI Co-Founder is initializing... Please wait a moment.', dict)">test_unit_comprehensive.py:71: in test_chat_basic_functionality
    assert isinstance(response, dict)
E   AssertionError: assert False
E    +  where False = isinstance('#x1F916 AI Co-Founder is initializing... Please wait a moment.', dict)</failure></testcase><testcase classname="test_unit_comprehensive.TestIntelligentCoFounder" name="test_command_analysis" time="0.653" /><testcase classname="test_unit_comprehensive.TestIntelligentCoFounder" name="test_task_creation" time="0.806"><failure message="AttributeError: 'IntelligentCoFounder' object has no attribute 'create_task_from_request'">test_unit_comprehensive.py:105: in test_task_creation
    result = await cofounder.create_task_from_request(task_request)
                   ^^^^^^^^^^^^^^^^^^^^^^^^^^^^^^^^^^
E   AttributeError: 'IntelligentCoFounder' object has no attribute 'create_task_from_request'</failure></testcase><testcase classname="test_unit_comprehensive.TestIntelligentCoFounder" name="test_strategic_planning" time="0.700" /><testcase classname="test_unit_comprehensive.TestBusinessIntelligenceSystem" name="test_analyze_business_performance" time="0.002"><failure message="AttributeError: 'BusinessIntelligenceSystem' object has no attribute 'analyze_business_performance'">test_unit_comprehensive.py:146: in test_analyze_business_performance
    result = await bi_system.analyze_business_performance(mock_business_data)
                   ^^^^^^^^^^^^^^^^^^^^^^^^^^^^^^^^^^^^^^
E   AttributeError: 'BusinessIntelligenceSystem' object has no attribute 'analyze_business_performance'</failure></testcase><testcase classname="test_unit_comprehensive.TestBusinessIntelligenceSystem" name="test_predict_trends" time="0.002"><failure message="AttributeError: 'BusinessIntelligenceSystem' object has no attribute 'predict_trends'">test_unit_comprehensive.py:161: in test_predict_trends
    result = await bi_system.predict_trends(historical_data, forecast_periods=3)
                   ^^^^^^^^^^^^^^^^^^^^^^^^
E   AttributeError: 'BusinessIntelligenceSystem' object has no attribute 'predict_trends'</failure></testcase><testcase classname="test_unit_comprehensive.TestBusinessIntelligenceSystem" name="test_generate_insights" time="0.003"><failure message="AttributeError: 'BusinessIntelligenceSystem' object has no attribute 'generate_business_insights'. Did you mean: 'generate_strategic_insights'?">test_unit_comprehensive.py:172: in test_generate_insights
    result = await bi_system.generate_business_insights(mock_business_data)
                   ^^^^^^^^^^^^^^^^^^^^^^^^^^^^^^^^^^^^
E   AttributeError: 'BusinessIntelligenceSystem' object has no attribute 'generate_business_insights'. Did you mean: 'generate_strategic_insights'?</failure></testcase><testcase classname="test_unit_comprehensive.TestMultiAgentOrchestrator" name="test_agent_initialization" time="0.002" /><testcase classname="test_unit_comprehensive.TestMultiAgentOrchestrator" name="test_task_creation" time="0.002" /><testcase classname="test_unit_comprehensive.TestMultiAgentOrchestrator" name="test_agent_assignment" time="0.002" /><testcase classname="test_unit_comprehensive.TestMultiAgentOrchestrator" name="test_orchestration_metrics" time="0.003" /><testcase classname="test_unit_comprehensive.TestVoiceInterfaceSystem" name="test_voice_command_processing" time="0.002" /><testcase classname="test_unit_comprehensive.TestVoiceInterfaceSystem" name="test_intent_extraction" time="0.006"><failure message="AssertionError: assert 'unknown' == 'create_task'&#10;  &#10;  #x1B[0m#x1B[91m- create_task#x1B[39;49;00m#x1B[90m#x1B[39;49;00m&#10;  #x1B[92m+ unknown#x1B[39;49;00m#x1B[90m#x1B[39;49;00m">test_unit_comprehensive.py:310: in test_intent_extraction
    assert result["intent"] == expected_intent
E   AssertionError: assert 'unknown' == 'create_task'
E     
E     #x1B[0m#x1B[91m- create_task#x1B[39;49;00m#x1B[90m#x1B[39;49;00m
E     #x1B[92m+ unknown#x1B[39;49;00m#x1B[90m#x1B[39;49;00m</failure></testcase><testcase classname="test_unit_comprehensive.TestVoiceInterfaceSystem" name="test_voice_response_generation" time="0.001" /><testcase classname="test_unit_comprehensive.TestVoiceInterfaceSystem" name="test_voice_analytics" time="0.001" /><testcase classname="test_unit_comprehensive.TestAdvancedDashboard" name="test_metrics_collection" time="0.001" /><testcase classname="test_unit_comprehensive.TestAdvancedDashboard" name="test_kpi_updates" time="0.002" /><testcase classname="test_unit_comprehensive.TestAdvancedDashboard" name="test_dashboard_data_retrieval" time="0.001" /><testcase classname="test_unit_comprehensive.TestAdvancedDashboard" name="test_business_insights_generation" time="0.001" /><testcase classname="test_unit_comprehensive.TestNotificationSystem" name="test_notification_processing" time="0.001"><failure message="AttributeError: 'SmartNotificationSystem' object has no attribute 'process_notification'. Did you mean: 'create_notification'?">test_unit_comprehensive.py:436: in test_notification_processing
    result = await notification_system.process_notification(
                   ^^^^^^^^^^^^^^^^^^^^^^^^^^^^^^^^^^^^^^^^
E   AttributeError: 'SmartNotificationSystem' object has no attribute 'process_notification'. Did you mean: 'create_notification'?</failure></testcase><testcase classname="test_unit_comprehensive.TestNotificationSystem" name="test_smart_alert_generation" time="0.002"><failure message="AttributeError: 'SmartNotificationSystem' object has no attribute 'generate_smart_alerts'">test_unit_comprehensive.py:447: in test_smart_alert_generation
    alerts = await notification_system.generate_smart_alerts(mock_business_data)
                   ^^^^^^^^^^^^^^^^^^^^^^^^^^^^^^^^^^^^^^^^^
E   AttributeError: 'SmartNotificationSystem' object has no attribute 'generate_smart_alerts'</failure></testcase><testcase classname="test_unit_comprehensive.TestPerformanceBenchmarks" name="test_chat_response_performance" time="0.622" /><testcase classname="test_unit_comprehensive.TestPerformanceBenchmarks" name="test_orchestrator_task_assignment_performance" time="0.003" /><testcase classname="test_unit_comprehensive.TestSystemIntegration" name="test_cofounder_orchestrator_integration" time="0.683" /><testcase classname="test_unit_comprehensive.TestSystemIntegration" name="test_voice_cofounder_integration" time="0.002" /><testcase classname="test_api_integration.TestAPIEndpoints" name="test_health_endpoint" time="0.259"><failure message="AssertionError: assert ('error' in {'data': {'detail': 'Not Found'}, 'headers': {'Content-Length': '22', 'Content-Type': 'application/json', 'Date': 'Wed, 15 Oct 2025 20:45:20 GMT', 'Server': 'uvicorn'}, 'status': 404} or 404 == 0)">test_api_integration.py:152: in test_health_endpoint
    assert "error" in response or response["status"] == 0
E   AssertionError: assert ('error' in {'data': {'detail': 'Not Found'}, 'headers': {'Content-Length': '22', 'Content-Type': 'application/json', 'Date': 'Wed, 15 Oct 2025 20:45:20 GMT', 'Server': 'uvicorn'}, 'status': 404} or 404 == 0)</failure></testcase><testcase classname="test_api_integration.TestAPIEndpoints" name="test_chat_endpoint" time="0.269" /><testcase classname="test_api_integration.TestAPIEndpoints" name="test_business_metrics_endpoint" time="0.261" /><testcase classname="test_api_integration.TestAPIEndpoints" name="test_task_creation_endpoint" time="0.262" /><testcase classname="test_api_integration.TestAPIEndpoints" name="test_task_delegation_endpoint" time="0.262" /><testcase classname="test_api_integration.TestAPIEndpoints" name="test_workflow_creation_endpoint" time="0.263" /><testcase classname="test_api_integration.TestAPIEndpoints" name="test_orchestration_status_endpoint" time="0.263" /><testcase classname="test_api_integration.TestAPIEndpoints" name="test_dashboard_data_endpoint" time="0.263" /><testcase classname="test_api_integration.TestAPIEndpoints" name="test_comprehensive_status_endpoint" time="0.262" /><testcase classname="test_api_integration.TestWebSocketFunctionality" name="test_websocket_connection" time="2.072"><skipped type="pytest.skip" message="WebSocket server not available for testing">C:\Users\mattm\glad-labs-website\src\cofounder_agent\tests\test_api_integration.py:317: WebSocket server not available for testing</skipped></testcase><testcase classname="test_api_integration.TestWebSocketFunctionality" name="test_websocket_chat_message" time="2.040"><skipped type="pytest.skip" message="WebSocket server not available">C:\Users\mattm\glad-labs-website\src\cofounder_agent\tests\test_api_integration.py:324: WebSocket server not available</skipped></testcase><testcase classname="test_api_integration.TestWebSocketFunctionality" name="test_websocket_real_time_updates" time="2.042"><skipped type="pytest.skip" message="WebSocket server not available">C:\Users\mattm\glad-labs-website\src\cofounder_agent\tests\test_api_integration.py:352: WebSocket server not available</skipped></testcase><testcase classname="test_api_integration.TestWebSocketFunctionality" name="test_websocket_connection_management" time="2.041"><skipped type="pytest.skip" message="WebSocket server not available">C:\Users\mattm\glad-labs-website\src\cofounder_agent\tests\test_api_integration.py:382: WebSocket server not available</skipped></testcase><testcase classname="test_api_integration.TestAPIPerformance" name="test_concurrent_chat_requests" time="0.264" /><testcase classname="test_api_integration.TestAPIPerformance" name="test_api_response_times" time="0.260" /><testcase classname="test_api_integration.TestAPIIntegration" name="test_complete_workflow_via_api" time="0.246"><skipped type="pytest.skip" message="API server not available for integration test">C:\Users\mattm\glad-labs-website\src\cofounder_agent\tests\test_api_integration.py:475: API server not available for integration test</skipped></testcase><testcase classname="test_api_integration.TestAPIIntegration" name="test_api_error_handling" time="0.263" /><testcase classname="test_api_integration.TestAPIDataValidation" name="test_chat_input_validation" time="0.264" /><testcase classname="test_api_integration.TestAPIDataValidation" name="test_task_data_validation" time="0.259"><failure message="assert 404 in [200, 400, 422]">test_api_integration.py:578: in test_task_data_validation
    assert response["status"] in [200, 400, 422]
E   assert 404 in [200, 400, 422]</failure></testcase><testcase classname="test_e2e_comprehensive.TestCompleteUserWorkflows" name="test_business_owner_daily_routine" time="3.375" /><testcase classname="test_e2e_comprehensive.TestCompleteUserWorkflows" name="test_content_creator_workflow" time="2.067" /><testcase classname="test_e2e_comprehensive.TestCompleteUserWorkflows" name="test_voice_interaction_workflow" time="0.002" /><testcase classname="test_e2e_comprehensive.TestSystemPerformance" name="test_system_load_handling" time="2.089" /><testcase classname="test_e2e_comprehensive.TestSystemPerformance" name="test_memory_efficiency" time="2.042" /><testcase classname="test_e2e_comprehensive.TestSystemResilience" name="test_graceful_degradation" time="0.664" /><testcase classname="test_e2e_comprehensive.TestSystemResilience" name="test_concurrent_operations" time="0.983" /></testsuite></testsuites>