{
  "C:\\Users\\mattm\\glad-labs-website\\web\\public-site\\lib\\api-fastapi.js": {
    "path": "C:\\Users\\mattm\\glad-labs-website\\web\\public-site\\lib\\api-fastapi.js",
    "statementMap": {
      "0": {
        "start": { "line": 452, "column": 22 },
        "end": { "line": 452, "column": 33 }
      },
      "1": {
        "start": { "line": 553, "column": 0 },
        "end": { "line": 553, "column": 15 }
      },
      "2": {
        "start": { "line": 355, "column": 16 },
        "end": { "line": 355, "column": 27 }
      },
      "3": {
        "start": { "line": 208, "column": 22 },
        "end": { "line": 208, "column": null }
      },
      "4": {
        "start": { "line": 527, "column": 22 },
        "end": { "line": 527, "column": null }
      },
      "5": {
        "start": { "line": 303, "column": 22 },
        "end": { "line": 303, "column": null }
      },
      "6": {
        "start": { "line": 152, "column": 22 },
        "end": { "line": 152, "column": null }
      },
      "7": {
        "start": { "line": 410, "column": 22 },
        "end": { "line": 410, "column": null }
      },
      "8": {
        "start": { "line": 100, "column": 22 },
        "end": { "line": 100, "column": null }
      },
      "9": {
        "start": { "line": 336, "column": 16 },
        "end": { "line": 336, "column": 28 }
      },
      "10": {
        "start": { "line": 386, "column": 22 },
        "end": { "line": 386, "column": 39 }
      },
      "11": {
        "start": { "line": 61, "column": 22 },
        "end": { "line": 61, "column": null }
      },
      "12": {
        "start": { "line": 124, "column": 22 },
        "end": { "line": 124, "column": 36 }
      },
      "13": {
        "start": { "line": 185, "column": 22 },
        "end": { "line": 185, "column": 41 }
      },
      "14": {
        "start": { "line": 197, "column": 22 },
        "end": { "line": 197, "column": 36 }
      },
      "15": {
        "start": { "line": 253, "column": 22 },
        "end": { "line": 253, "column": 38 }
      },
      "16": {
        "start": { "line": 167, "column": 22 },
        "end": { "line": 167, "column": null }
      },
      "17": {
        "start": { "line": 493, "column": 22 },
        "end": { "line": 493, "column": 34 }
      },
      "18": {
        "start": { "line": 508, "column": 22 },
        "end": { "line": 508, "column": null }
      },
      "19": {
        "start": { "line": 398, "column": 22 },
        "end": { "line": 398, "column": 42 }
      },
      "20": {
        "start": { "line": 472, "column": 22 },
        "end": { "line": 472, "column": 32 }
      },
      "21": {
        "start": { "line": 431, "column": 22 },
        "end": { "line": 431, "column": null }
      },
      "22": {
        "start": { "line": 281, "column": 22 },
        "end": { "line": 281, "column": 34 }
      },
      "23": {
        "start": { "line": 543, "column": 22 },
        "end": { "line": 543, "column": 40 }
      },
      "24": {
        "start": { "line": 319, "column": 22 },
        "end": { "line": 319, "column": null }
      },
      "25": {
        "start": { "line": 14, "column": 2 },
        "end": { "line": 16, "column": null }
      },
      "26": {
        "start": { "line": 17, "column": 17 },
        "end": { "line": 17, "column": 37 }
      },
      "27": {
        "start": { "line": 20, "column": 22 },
        "end": { "line": 22, "column": null }
      },
      "28": {
        "start": { "line": 28, "column": 14 },
        "end": { "line": 28, "column": 38 }
      },
      "29": {
        "start": { "line": 30, "column": 2 },
        "end": { "line": 49, "column": null }
      },
      "30": {
        "start": { "line": 31, "column": 21 },
        "end": { "line": 38, "column": null }
      },
      "31": {
        "start": { "line": 40, "column": 4 },
        "end": { "line": 42, "column": null }
      },
      "32": {
        "start": { "line": 41, "column": 6 },
        "end": { "line": 41, "column": null }
      },
      "33": {
        "start": { "line": 44, "column": 17 },
        "end": { "line": 44, "column": null }
      },
      "34": {
        "start": { "line": 45, "column": 4 },
        "end": { "line": 45, "column": null }
      },
      "35": {
        "start": { "line": 47, "column": 4 },
        "end": { "line": 47, "column": null }
      },
      "36": {
        "start": { "line": 48, "column": 4 },
        "end": { "line": 48, "column": null }
      },
      "37": {
        "start": { "line": 66, "column": 15 },
        "end": { "line": 66, "column": null }
      },
      "38": {
        "start": { "line": 69, "column": 17 },
        "end": { "line": 69, "column": 76 }
      },
      "39": {
        "start": { "line": 71, "column": 19 },
        "end": { "line": 71, "column": null }
      },
      "40": {
        "start": { "line": 74, "column": 13 },
        "end": { "line": 74, "column": 32 }
      },
      "41": {
        "start": { "line": 75, "column": 2 },
        "end": { "line": 77, "column": null }
      },
      "42": {
        "start": { "line": 76, "column": 4 },
        "end": { "line": 76, "column": null }
      },
      "43": {
        "start": { "line": 76, "column": 33 },
        "end": { "line": 76, "column": null }
      },
      "44": {
        "start": { "line": 80, "column": 2 },
        "end": { "line": 92, "column": null }
      },
      "45": {
        "start": { "line": 101, "column": 2 },
        "end": { "line": 114, "column": null }
      },
      "46": {
        "start": { "line": 103, "column": 21 },
        "end": { "line": 104, "column": null }
      },
      "47": {
        "start": { "line": 107, "column": 4 },
        "end": { "line": 109, "column": null }
      },
      "48": {
        "start": { "line": 108, "column": 6 },
        "end": { "line": 108, "column": null }
      },
      "49": {
        "start": { "line": 110, "column": 4 },
        "end": { "line": 110, "column": null }
      },
      "50": {
        "start": { "line": 112, "column": 4 },
        "end": { "line": 112, "column": null }
      },
      "51": {
        "start": { "line": 113, "column": 4 },
        "end": { "line": 113, "column": null }
      },
      "52": {
        "start": { "line": 125, "column": 2 },
        "end": { "line": 144, "column": null }
      },
      "53": {
        "start": { "line": 127, "column": 21 },
        "end": { "line": 127, "column": null }
      },
      "54": {
        "start": { "line": 129, "column": 4 },
        "end": { "line": 139, "column": null }
      },
      "55": {
        "start": { "line": 130, "column": 19 },
        "end": { "line": 130, "column": null }
      },
      "56": {
        "start": { "line": 130, "column": 45 },
        "end": { "line": 130, "column": null }
      },
      "57": {
        "start": { "line": 131, "column": 6 },
        "end": { "line": 138, "column": null }
      },
      "58": {
        "start": { "line": 132, "column": 8 },
        "end": { "line": 137, "column": null }
      },
      "59": {
        "start": { "line": 140, "column": 4 },
        "end": { "line": 140, "column": null }
      },
      "60": {
        "start": { "line": 142, "column": 4 },
        "end": { "line": 142, "column": null }
      },
      "61": {
        "start": { "line": 143, "column": 4 },
        "end": { "line": 143, "column": null }
      },
      "62": {
        "start": { "line": 153, "column": 2 },
        "end": { "line": 159, "column": null }
      },
      "63": {
        "start": { "line": 154, "column": 21 },
        "end": { "line": 154, "column": null }
      },
      "64": {
        "start": { "line": 155, "column": 4 },
        "end": { "line": 155, "column": null }
      },
      "65": {
        "start": { "line": 157, "column": 4 },
        "end": { "line": 157, "column": null }
      },
      "66": {
        "start": { "line": 158, "column": 4 },
        "end": { "line": 158, "column": null }
      },
      "67": {
        "start": { "line": 168, "column": 2 },
        "end": { "line": 174, "column": null }
      },
      "68": {
        "start": { "line": 169, "column": 21 },
        "end": { "line": 169, "column": null }
      },
      "69": {
        "start": { "line": 170, "column": 4 },
        "end": { "line": 170, "column": null }
      },
      "70": {
        "start": { "line": 172, "column": 4 },
        "end": { "line": 172, "column": null }
      },
      "71": {
        "start": { "line": 173, "column": 4 },
        "end": { "line": 173, "column": null }
      },
      "72": {
        "start": { "line": 186, "column": 2 },
        "end": { "line": 186, "column": null }
      },
      "73": {
        "start": { "line": 198, "column": 2 },
        "end": { "line": 198, "column": null }
      },
      "74": {
        "start": { "line": 209, "column": 2 },
        "end": { "line": 242, "column": null }
      },
      "75": {
        "start": { "line": 210, "column": 21 },
        "end": { "line": 210, "column": 23 }
      },
      "76": {
        "start": { "line": 211, "column": 15 },
        "end": { "line": 211, "column": null }
      },
      "77": {
        "start": { "line": 212, "column": 18 },
        "end": { "line": 212, "column": 23 }
      },
      "78": {
        "start": { "line": 215, "column": 4 },
        "end": { "line": 236, "column": null }
      },
      "79": {
        "start": { "line": 216, "column": 23 },
        "end": { "line": 217, "column": null }
      },
      "80": {
        "start": { "line": 220, "column": 6 },
        "end": { "line": 222, "column": null }
      },
      "81": {
        "start": { "line": 221, "column": 8 },
        "end": { "line": 221, "column": 15 }
      },
      "82": {
        "start": { "line": 224, "column": 6 },
        "end": { "line": 227, "column": null }
      },
      "83": {
        "start": { "line": 225, "column": 40 },
        "end": { "line": 227, "column": null }
      },
      "84": {
        "start": { "line": 231, "column": 6 },
        "end": { "line": 233, "column": null }
      },
      "85": {
        "start": { "line": 232, "column": 8 },
        "end": { "line": 232, "column": null }
      },
      "86": {
        "start": { "line": 235, "column": 6 },
        "end": { "line": 235, "column": null }
      },
      "87": {
        "start": { "line": 238, "column": 4 },
        "end": { "line": 238, "column": null }
      },
      "88": {
        "start": { "line": 240, "column": 4 },
        "end": { "line": 240, "column": null }
      },
      "89": {
        "start": { "line": 241, "column": 4 },
        "end": { "line": 241, "column": null }
      },
      "90": {
        "start": { "line": 254, "column": 2 },
        "end": { "line": 271, "column": null }
      },
      "91": {
        "start": { "line": 256, "column": 19 },
        "end": { "line": 256, "column": 62 }
      },
      "92": {
        "start": { "line": 258, "column": 4 },
        "end": { "line": 260, "column": null }
      },
      "93": {
        "start": { "line": 259, "column": 6 },
        "end": { "line": 259, "column": null }
      },
      "94": {
        "start": { "line": 262, "column": 21 },
        "end": { "line": 262, "column": null }
      },
      "95": {
        "start": { "line": 265, "column": 4 },
        "end": { "line": 267, "column": null }
      },
      "96": {
        "start": { "line": 266, "column": 24 },
        "end": { "line": 266, "column": null }
      },
      "97": {
        "start": { "line": 269, "column": 4 },
        "end": { "line": 269, "column": null }
      },
      "98": {
        "start": { "line": 270, "column": 4 },
        "end": { "line": 270, "column": null }
      },
      "99": {
        "start": { "line": 282, "column": 2 },
        "end": { "line": 294, "column": null }
      },
      "100": {
        "start": { "line": 283, "column": 4 },
        "end": { "line": 285, "column": null }
      },
      "101": {
        "start": { "line": 284, "column": 6 },
        "end": { "line": 284, "column": null }
      },
      "102": {
        "start": { "line": 287, "column": 21 },
        "end": { "line": 287, "column": 82 }
      },
      "103": {
        "start": { "line": 288, "column": 21 },
        "end": { "line": 288, "column": null }
      },
      "104": {
        "start": { "line": 290, "column": 4 },
        "end": { "line": 290, "column": null }
      },
      "105": {
        "start": { "line": 292, "column": 4 },
        "end": { "line": 292, "column": null }
      },
      "106": {
        "start": { "line": 293, "column": 4 },
        "end": { "line": 293, "column": null }
      },
      "107": {
        "start": { "line": 304, "column": 2 },
        "end": { "line": 310, "column": null }
      },
      "108": {
        "start": { "line": 305, "column": 21 },
        "end": { "line": 305, "column": null }
      },
      "109": {
        "start": { "line": 306, "column": 4 },
        "end": { "line": 306, "column": null }
      },
      "110": {
        "start": { "line": 308, "column": 4 },
        "end": { "line": 308, "column": null }
      },
      "111": {
        "start": { "line": 309, "column": 4 },
        "end": { "line": 309, "column": null }
      },
      "112": {
        "start": { "line": 320, "column": 2 },
        "end": { "line": 326, "column": null }
      },
      "113": {
        "start": { "line": 321, "column": 19 },
        "end": { "line": 321, "column": null }
      },
      "114": {
        "start": { "line": 322, "column": 4 },
        "end": { "line": 322, "column": null }
      },
      "115": {
        "start": { "line": 324, "column": 4 },
        "end": { "line": 324, "column": null }
      },
      "116": {
        "start": { "line": 325, "column": 4 },
        "end": { "line": 325, "column": null }
      },
      "117": {
        "start": { "line": 337, "column": 2 },
        "end": { "line": 337, "column": null }
      },
      "118": {
        "start": { "line": 337, "column": 13 },
        "end": { "line": 337, "column": null }
      },
      "119": {
        "start": { "line": 340, "column": 2 },
        "end": { "line": 342, "column": null }
      },
      "120": {
        "start": { "line": 341, "column": 4 },
        "end": { "line": 341, "column": null }
      },
      "121": {
        "start": { "line": 345, "column": 2 },
        "end": { "line": 345, "column": null }
      },
      "122": {
        "start": { "line": 356, "column": 2 },
        "end": { "line": 356, "column": null }
      },
      "123": {
        "start": { "line": 356, "column": 13 },
        "end": { "line": 356, "column": null }
      },
      "124": {
        "start": { "line": 358, "column": 2 },
        "end": { "line": 374, "column": null }
      },
      "125": {
        "start": { "line": 387, "column": 15 },
        "end": { "line": 387, "column": null }
      },
      "126": {
        "start": { "line": 388, "column": 2 },
        "end": { "line": 388, "column": null }
      },
      "127": {
        "start": { "line": 399, "column": 2 },
        "end": { "line": 402, "column": null }
      },
      "128": {
        "start": { "line": 411, "column": 2 },
        "end": { "line": 424, "column": null }
      },
      "129": {
        "start": { "line": 412, "column": 18 },
        "end": { "line": 412, "column": null }
      },
      "130": {
        "start": { "line": 413, "column": 4 },
        "end": { "line": 413, "column": null }
      },
      "131": {
        "start": { "line": 413, "column": 16 },
        "end": { "line": 413, "column": null }
      },
      "132": {
        "start": { "line": 415, "column": 21 },
        "end": { "line": 419, "column": null }
      },
      "133": {
        "start": { "line": 420, "column": 4 },
        "end": { "line": 420, "column": null }
      },
      "134": {
        "start": { "line": 422, "column": 4 },
        "end": { "line": 422, "column": null }
      },
      "135": {
        "start": { "line": 423, "column": 4 },
        "end": { "line": 423, "column": null }
      },
      "136": {
        "start": { "line": 432, "column": 16 },
        "end": { "line": 432, "column": null }
      },
      "137": {
        "start": { "line": 433, "column": 2 },
        "end": { "line": 433, "column": null }
      },
      "138": {
        "start": { "line": 433, "column": 14 },
        "end": { "line": 433, "column": null }
      },
      "139": {
        "start": { "line": 435, "column": 2 },
        "end": { "line": 440, "column": null }
      },
      "140": {
        "start": { "line": 453, "column": 16 },
        "end": { "line": 453, "column": null }
      },
      "141": {
        "start": { "line": 454, "column": 2 },
        "end": { "line": 454, "column": null }
      },
      "142": {
        "start": { "line": 454, "column": 14 },
        "end": { "line": 454, "column": null }
      },
      "143": {
        "start": { "line": 456, "column": 2 },
        "end": { "line": 462, "column": null }
      },
      "144": {
        "start": { "line": 473, "column": 16 },
        "end": { "line": 473, "column": null }
      },
      "145": {
        "start": { "line": 474, "column": 2 },
        "end": { "line": 474, "column": null }
      },
      "146": {
        "start": { "line": 474, "column": 14 },
        "end": { "line": 474, "column": null }
      },
      "147": {
        "start": { "line": 476, "column": 17 },
        "end": { "line": 476, "column": 57 }
      },
      "148": {
        "start": { "line": 477, "column": 2 },
        "end": { "line": 479, "column": null }
      },
      "149": {
        "start": { "line": 478, "column": 4 },
        "end": { "line": 478, "column": null }
      },
      "150": {
        "start": { "line": 481, "column": 2 },
        "end": { "line": 485, "column": null }
      },
      "151": {
        "start": { "line": 494, "column": 16 },
        "end": { "line": 494, "column": null }
      },
      "152": {
        "start": { "line": 495, "column": 2 },
        "end": { "line": 495, "column": null }
      },
      "153": {
        "start": { "line": 495, "column": 14 },
        "end": { "line": 495, "column": null }
      },
      "154": {
        "start": { "line": 497, "column": 2 },
        "end": { "line": 501, "column": null }
      },
      "155": {
        "start": { "line": 509, "column": 16 },
        "end": { "line": 509, "column": null }
      },
      "156": {
        "start": { "line": 510, "column": 2 },
        "end": { "line": 510, "column": null }
      },
      "157": {
        "start": { "line": 510, "column": 14 },
        "end": { "line": 510, "column": null }
      },
      "158": {
        "start": { "line": 512, "column": 2 },
        "end": { "line": 516, "column": null }
      },
      "159": {
        "start": { "line": 528, "column": 2 },
        "end": { "line": 534, "column": null }
      },
      "160": {
        "start": { "line": 529, "column": 21 },
        "end": { "line": 529, "column": null }
      },
      "161": {
        "start": { "line": 530, "column": 4 },
        "end": { "line": 530, "column": null }
      },
      "162": {
        "start": { "line": 532, "column": 4 },
        "end": { "line": 532, "column": null }
      },
      "163": {
        "start": { "line": 533, "column": 4 },
        "end": { "line": 533, "column": null }
      },
      "164": {
        "start": { "line": 544, "column": 17 },
        "end": { "line": 544, "column": 72 }
      },
      "165": {
        "start": { "line": 545, "column": 2 },
        "end": { "line": 547, "column": null }
      },
      "166": {
        "start": { "line": 546, "column": 4 },
        "end": { "line": 546, "column": null }
      },
      "167": {
        "start": { "line": 549, "column": 2 },
        "end": { "line": 549, "column": null }
      },
      "168": {
        "start": { "line": 553, "column": 15 },
        "end": { "line": 582, "column": null }
      }
    },
    "fnMap": {
      "0": {
        "name": "fetchAPI",
        "decl": {
          "start": { "line": 27, "column": 15 },
          "end": { "line": 27, "column": 24 }
        },
        "loc": {
          "start": { "line": 27, "column": 46 },
          "end": { "line": 50, "column": null }
        }
      },
      "1": {
        "name": "getPaginatedPosts",
        "decl": {
          "start": { "line": 61, "column": 22 },
          "end": { "line": 61, "column": null }
        },
        "loc": {
          "start": { "line": 64, "column": 18 },
          "end": { "line": 93, "column": null }
        }
      },
      "2": {
        "name": "(anonymous_28)",
        "decl": {
          "start": { "line": 76, "column": 23 },
          "end": { "line": 76, "column": 24 }
        },
        "loc": {
          "start": { "line": 76, "column": 33 },
          "end": { "line": 76, "column": null }
        }
      },
      "3": {
        "name": "getFeaturedPost",
        "decl": {
          "start": { "line": 100, "column": 22 },
          "end": { "line": 100, "column": null }
        },
        "loc": {
          "start": { "line": 100, "column": 22 },
          "end": { "line": 115, "column": null }
        }
      },
      "4": {
        "name": "getPostBySlug",
        "decl": {
          "start": { "line": 124, "column": 22 },
          "end": { "line": 124, "column": 36 }
        },
        "loc": {
          "start": { "line": 124, "column": 40 },
          "end": { "line": 145, "column": null }
        }
      },
      "5": {
        "name": "(anonymous_31)",
        "decl": {
          "start": { "line": 130, "column": 38 },
          "end": { "line": 130, "column": 39 }
        },
        "loc": {
          "start": { "line": 130, "column": 45 },
          "end": { "line": 130, "column": null }
        }
      },
      "6": {
        "name": "getCategories",
        "decl": {
          "start": { "line": 152, "column": 22 },
          "end": { "line": 152, "column": null }
        },
        "loc": {
          "start": { "line": 152, "column": 22 },
          "end": { "line": 160, "column": null }
        }
      },
      "7": {
        "name": "getTags",
        "decl": {
          "start": { "line": 167, "column": 22 },
          "end": { "line": 167, "column": null }
        },
        "loc": {
          "start": { "line": 167, "column": 22 },
          "end": { "line": 175, "column": null }
        }
      },
      "8": {
        "name": "getPostsByCategory",
        "decl": {
          "start": { "line": 185, "column": 22 },
          "end": { "line": 185, "column": 41 }
        },
        "loc": {
          "start": { "line": 185, "column": 67 },
          "end": { "line": 187, "column": null }
        }
      },
      "9": {
        "name": "getPostsByTag",
        "decl": {
          "start": { "line": 197, "column": 22 },
          "end": { "line": 197, "column": 36 }
        },
        "loc": {
          "start": { "line": 197, "column": 62 },
          "end": { "line": 199, "column": null }
        }
      },
      "10": {
        "name": "getAllPosts",
        "decl": {
          "start": { "line": 208, "column": 22 },
          "end": { "line": 208, "column": null }
        },
        "loc": {
          "start": { "line": 208, "column": 22 },
          "end": { "line": 243, "column": null }
        }
      },
      "11": {
        "name": "(anonymous_37)",
        "decl": {
          "start": { "line": 225, "column": 29 },
          "end": { "line": 225, "column": 30 }
        },
        "loc": {
          "start": { "line": 225, "column": 40 },
          "end": { "line": 227, "column": null }
        }
      },
      "12": {
        "name": "getRelatedPosts",
        "decl": {
          "start": { "line": 253, "column": 22 },
          "end": { "line": 253, "column": 38 }
        },
        "loc": {
          "start": { "line": 253, "column": 68 },
          "end": { "line": 272, "column": null }
        }
      },
      "13": {
        "name": "(anonymous_39)",
        "decl": {
          "start": { "line": 266, "column": 14 },
          "end": { "line": 266, "column": 15 }
        },
        "loc": {
          "start": { "line": 266, "column": 24 },
          "end": { "line": 266, "column": null }
        }
      },
      "14": {
        "name": "searchPosts",
        "decl": {
          "start": { "line": 281, "column": 22 },
          "end": { "line": 281, "column": 34 }
        },
        "loc": {
          "start": { "line": 281, "column": 51 },
          "end": { "line": 295, "column": null }
        }
      },
      "15": {
        "name": "getCMSStatus",
        "decl": {
          "start": { "line": 303, "column": 22 },
          "end": { "line": 303, "column": null }
        },
        "loc": {
          "start": { "line": 303, "column": 22 },
          "end": { "line": 311, "column": null }
        }
      },
      "16": {
        "name": "validateFastAPI",
        "decl": {
          "start": { "line": 319, "column": 22 },
          "end": { "line": 319, "column": null }
        },
        "loc": {
          "start": { "line": 319, "column": 22 },
          "end": { "line": 327, "column": null }
        }
      },
      "17": {
        "name": "getImageURL",
        "decl": {
          "start": { "line": 336, "column": 16 },
          "end": { "line": 336, "column": 28 }
        },
        "loc": {
          "start": { "line": 336, "column": 32 },
          "end": { "line": 346, "column": null }
        }
      },
      "18": {
        "name": "formatPost",
        "decl": {
          "start": { "line": 355, "column": 16 },
          "end": { "line": 355, "column": 27 }
        },
        "loc": {
          "start": { "line": 355, "column": 31 },
          "end": { "line": 375, "column": null }
        }
      },
      "19": {
        "name": "getOAuthLoginURL",
        "decl": {
          "start": { "line": 386, "column": 22 },
          "end": { "line": 386, "column": 39 }
        },
        "loc": {
          "start": { "line": 386, "column": 47 },
          "end": { "line": 389, "column": null }
        }
      },
      "20": {
        "name": "handleOAuthCallback",
        "decl": {
          "start": { "line": 398, "column": 22 },
          "end": { "line": 398, "column": 42 }
        },
        "loc": {
          "start": { "line": 398, "column": 63 },
          "end": { "line": 403, "column": null }
        }
      },
      "21": {
        "name": "getCurrentUser",
        "decl": {
          "start": { "line": 410, "column": 22 },
          "end": { "line": 410, "column": null }
        },
        "loc": {
          "start": { "line": 410, "column": 22 },
          "end": { "line": 425, "column": null }
        }
      },
      "22": {
        "name": "logout",
        "decl": {
          "start": { "line": 431, "column": 22 },
          "end": { "line": 431, "column": null }
        },
        "loc": {
          "start": { "line": 431, "column": 22 },
          "end": { "line": 441, "column": null }
        }
      },
      "23": {
        "name": "createTask",
        "decl": {
          "start": { "line": 452, "column": 22 },
          "end": { "line": 452, "column": 33 }
        },
        "loc": {
          "start": { "line": 452, "column": 41 },
          "end": { "line": 463, "column": null }
        }
      },
      "24": {
        "name": "listTasks",
        "decl": {
          "start": { "line": 472, "column": 22 },
          "end": { "line": 472, "column": 32 }
        },
        "loc": {
          "start": { "line": 472, "column": 69 },
          "end": { "line": 486, "column": null }
        }
      },
      "25": {
        "name": "getTaskById",
        "decl": {
          "start": { "line": 493, "column": 22 },
          "end": { "line": 493, "column": 34 }
        },
        "loc": {
          "start": { "line": 493, "column": 40 },
          "end": { "line": 502, "column": null }
        }
      },
      "26": {
        "name": "getTaskMetrics",
        "decl": {
          "start": { "line": 508, "column": 22 },
          "end": { "line": 508, "column": null }
        },
        "loc": {
          "start": { "line": 508, "column": 22 },
          "end": { "line": 517, "column": null }
        }
      },
      "27": {
        "name": "getAvailableModels",
        "decl": {
          "start": { "line": 527, "column": 22 },
          "end": { "line": 527, "column": null }
        },
        "loc": {
          "start": { "line": 527, "column": 22 },
          "end": { "line": 535, "column": null }
        }
      },
      "28": {
        "name": "testModelProvider",
        "decl": {
          "start": { "line": 543, "column": 22 },
          "end": { "line": 543, "column": 40 }
        },
        "loc": {
          "start": { "line": 543, "column": 62 },
          "end": { "line": 550, "column": null }
        }
      }
    },
    "branchMap": {
      "0": {
        "loc": {
          "start": { "line": 14, "column": 2 },
          "end": { "line": 16, "column": null }
        },
        "type": "binary-expr",
        "locations": [
          {
            "start": { "line": 14, "column": 2 },
            "end": { "line": 14, "column": 38 }
          },
          {
            "start": { "line": 15, "column": 2 },
            "end": { "line": 15, "column": 37 }
          },
          {
            "start": { "line": 16, "column": 2 },
            "end": { "line": 16, "column": null }
          }
        ]
      },
      "1": {
        "loc": {
          "start": { "line": 27, "column": 34 },
          "end": { "line": 27, "column": 46 }
        },
        "type": "default-arg",
        "locations": [
          {
            "start": { "line": 27, "column": 44 },
            "end": { "line": 27, "column": 46 }
          }
        ]
      },
      "2": {
        "loc": {
          "start": { "line": 40, "column": 4 },
          "end": { "line": 42, "column": null }
        },
        "type": "if",
        "locations": [
          {
            "start": { "line": 40, "column": 4 },
            "end": { "line": 42, "column": null }
          }
        ]
      },
      "3": {
        "loc": {
          "start": { "line": 62, "column": 2 },
          "end": { "line": 62, "column": 10 }
        },
        "type": "default-arg",
        "locations": [
          {
            "start": { "line": 62, "column": 9 },
            "end": { "line": 62, "column": 10 }
          }
        ]
      },
      "4": {
        "loc": {
          "start": { "line": 63, "column": 2 },
          "end": { "line": 63, "column": 15 }
        },
        "type": "default-arg",
        "locations": [
          {
            "start": { "line": 63, "column": 13 },
            "end": { "line": 63, "column": 15 }
          }
        ]
      },
      "5": {
        "loc": {
          "start": { "line": 64, "column": 2 },
          "end": { "line": 64, "column": 18 }
        },
        "type": "default-arg",
        "locations": [
          {
            "start": { "line": 64, "column": 14 },
            "end": { "line": 64, "column": 18 }
          }
        ]
      },
      "6": {
        "loc": {
          "start": { "line": 74, "column": 13 },
          "end": { "line": 74, "column": 32 }
        },
        "type": "binary-expr",
        "locations": [
          {
            "start": { "line": 74, "column": 13 },
            "end": { "line": 74, "column": 26 }
          },
          {
            "start": { "line": 74, "column": 30 },
            "end": { "line": 74, "column": 32 }
          }
        ]
      },
      "7": {
        "loc": {
          "start": { "line": 75, "column": 2 },
          "end": { "line": 77, "column": null }
        },
        "type": "if",
        "locations": [
          {
            "start": { "line": 75, "column": 2 },
            "end": { "line": 77, "column": null }
          }
        ]
      },
      "8": {
        "loc": {
          "start": { "line": 86, "column": 15 },
          "end": { "line": 86, "column": null }
        },
        "type": "binary-expr",
        "locations": [
          {
            "start": { "line": 86, "column": 15 },
            "end": { "line": 86, "column": 51 }
          },
          {
            "start": { "line": 86, "column": 51 },
            "end": { "line": 86, "column": null }
          }
        ]
      },
      "9": {
        "loc": {
          "start": { "line": 88, "column": 11 },
          "end": { "line": 88, "column": 52 }
        },
        "type": "binary-expr",
        "locations": [
          {
            "start": { "line": 88, "column": 11 },
            "end": { "line": 88, "column": 47 }
          },
          {
            "start": { "line": 88, "column": 47 },
            "end": { "line": 88, "column": 52 }
          }
        ]
      },
      "10": {
        "loc": {
          "start": { "line": 107, "column": 4 },
          "end": { "line": 109, "column": null }
        },
        "type": "if",
        "locations": [
          {
            "start": { "line": 107, "column": 4 },
            "end": { "line": 109, "column": null }
          }
        ]
      },
      "11": {
        "loc": {
          "start": { "line": 107, "column": 8 },
          "end": { "line": 107, "column": 51 }
        },
        "type": "binary-expr",
        "locations": [
          {
            "start": { "line": 107, "column": 8 },
            "end": { "line": 107, "column": 21 }
          },
          {
            "start": { "line": 107, "column": 25 },
            "end": { "line": 107, "column": 51 }
          }
        ]
      },
      "12": {
        "loc": {
          "start": { "line": 129, "column": 4 },
          "end": { "line": 139, "column": null }
        },
        "type": "if",
        "locations": [
          {
            "start": { "line": 129, "column": 4 },
            "end": { "line": 139, "column": null }
          }
        ]
      },
      "13": {
        "loc": {
          "start": { "line": 129, "column": 8 },
          "end": { "line": 129, "column": 55 }
        },
        "type": "binary-expr",
        "locations": [
          {
            "start": { "line": 129, "column": 8 },
            "end": { "line": 129, "column": 21 }
          },
          {
            "start": { "line": 129, "column": 25 },
            "end": { "line": 129, "column": 55 }
          }
        ]
      },
      "14": {
        "loc": {
          "start": { "line": 131, "column": 6 },
          "end": { "line": 138, "column": null }
        },
        "type": "if",
        "locations": [
          {
            "start": { "line": 131, "column": 6 },
            "end": { "line": 138, "column": null }
          }
        ]
      },
      "15": {
        "loc": {
          "start": { "line": 135, "column": 20 },
          "end": { "line": 135, "column": null }
        },
        "type": "binary-expr",
        "locations": [
          {
            "start": { "line": 135, "column": 20 },
            "end": { "line": 135, "column": 33 }
          },
          {
            "start": { "line": 135, "column": 37 },
            "end": { "line": 135, "column": null }
          }
        ]
      },
      "16": {
        "loc": {
          "start": { "line": 136, "column": 16 },
          "end": { "line": 136, "column": 31 }
        },
        "type": "binary-expr",
        "locations": [
          {
            "start": { "line": 136, "column": 16 },
            "end": { "line": 136, "column": 25 }
          },
          {
            "start": { "line": 136, "column": 29 },
            "end": { "line": 136, "column": 31 }
          }
        ]
      },
      "17": {
        "loc": {
          "start": { "line": 155, "column": 11 },
          "end": { "line": 155, "column": 30 }
        },
        "type": "binary-expr",
        "locations": [
          {
            "start": { "line": 155, "column": 11 },
            "end": { "line": 155, "column": 24 }
          },
          {
            "start": { "line": 155, "column": 28 },
            "end": { "line": 155, "column": 30 }
          }
        ]
      },
      "18": {
        "loc": {
          "start": { "line": 170, "column": 11 },
          "end": { "line": 170, "column": 30 }
        },
        "type": "binary-expr",
        "locations": [
          {
            "start": { "line": 170, "column": 11 },
            "end": { "line": 170, "column": 24 }
          },
          {
            "start": { "line": 170, "column": 28 },
            "end": { "line": 170, "column": 30 }
          }
        ]
      },
      "19": {
        "loc": {
          "start": { "line": 185, "column": 47 },
          "end": { "line": 185, "column": 55 }
        },
        "type": "default-arg",
        "locations": [
          {
            "start": { "line": 185, "column": 54 },
            "end": { "line": 185, "column": 55 }
          }
        ]
      },
      "20": {
        "loc": {
          "start": { "line": 185, "column": 57 },
          "end": { "line": 185, "column": 67 }
        },
        "type": "default-arg",
        "locations": [
          {
            "start": { "line": 185, "column": 65 },
            "end": { "line": 185, "column": 67 }
          }
        ]
      },
      "21": {
        "loc": {
          "start": { "line": 197, "column": 42 },
          "end": { "line": 197, "column": 50 }
        },
        "type": "default-arg",
        "locations": [
          {
            "start": { "line": 197, "column": 49 },
            "end": { "line": 197, "column": 50 }
          }
        ]
      },
      "22": {
        "loc": {
          "start": { "line": 197, "column": 52 },
          "end": { "line": 197, "column": 62 }
        },
        "type": "default-arg",
        "locations": [
          {
            "start": { "line": 197, "column": 60 },
            "end": { "line": 197, "column": 62 }
          }
        ]
      },
      "23": {
        "loc": {
          "start": { "line": 220, "column": 6 },
          "end": { "line": 222, "column": null }
        },
        "type": "if",
        "locations": [
          {
            "start": { "line": 220, "column": 6 },
            "end": { "line": 222, "column": null }
          }
        ]
      },
      "24": {
        "loc": {
          "start": { "line": 220, "column": 10 },
          "end": { "line": 220, "column": 56 }
        },
        "type": "binary-expr",
        "locations": [
          {
            "start": { "line": 220, "column": 10 },
            "end": { "line": 220, "column": 24 }
          },
          {
            "start": { "line": 220, "column": 28 },
            "end": { "line": 220, "column": 56 }
          }
        ]
      },
      "25": {
        "loc": {
          "start": { "line": 231, "column": 6 },
          "end": { "line": 233, "column": null }
        },
        "type": "if",
        "locations": [
          {
            "start": { "line": 231, "column": 6 },
            "end": { "line": 233, "column": null }
          }
        ]
      },
      "26": {
        "loc": {
          "start": { "line": 253, "column": 46 },
          "end": { "line": 253, "column": 57 }
        },
        "type": "default-arg",
        "locations": [
          {
            "start": { "line": 253, "column": 55 },
            "end": { "line": 253, "column": 57 }
          }
        ]
      },
      "27": {
        "loc": {
          "start": { "line": 253, "column": 59 },
          "end": { "line": 253, "column": 68 }
        },
        "type": "default-arg",
        "locations": [
          {
            "start": { "line": 253, "column": 67 },
            "end": { "line": 253, "column": 68 }
          }
        ]
      },
      "28": {
        "loc": {
          "start": { "line": 258, "column": 4 },
          "end": { "line": 260, "column": null }
        },
        "type": "if",
        "locations": [
          {
            "start": { "line": 258, "column": 4 },
            "end": { "line": 260, "column": null }
          }
        ]
      },
      "29": {
        "loc": {
          "start": { "line": 258, "column": 8 },
          "end": { "line": 258, "column": 37 }
        },
        "type": "binary-expr",
        "locations": [
          {
            "start": { "line": 258, "column": 8 },
            "end": { "line": 258, "column": 18 }
          },
          {
            "start": { "line": 258, "column": 18 },
            "end": { "line": 258, "column": 37 }
          }
        ]
      },
      "30": {
        "loc": {
          "start": { "line": 265, "column": 12 },
          "end": { "line": 265, "column": 30 }
        },
        "type": "binary-expr",
        "locations": [
          {
            "start": { "line": 265, "column": 12 },
            "end": { "line": 265, "column": 25 }
          },
          {
            "start": { "line": 265, "column": 29 },
            "end": { "line": 265, "column": 30 }
          }
        ]
      },
      "31": {
        "loc": {
          "start": { "line": 281, "column": 41 },
          "end": { "line": 281, "column": 51 }
        },
        "type": "default-arg",
        "locations": [
          {
            "start": { "line": 281, "column": 49 },
            "end": { "line": 281, "column": 51 }
          }
        ]
      },
      "32": {
        "loc": {
          "start": { "line": 283, "column": 4 },
          "end": { "line": 285, "column": null }
        },
        "type": "if",
        "locations": [
          {
            "start": { "line": 283, "column": 4 },
            "end": { "line": 285, "column": null }
          }
        ]
      },
      "33": {
        "loc": {
          "start": { "line": 283, "column": 8 },
          "end": { "line": 283, "column": 45 }
        },
        "type": "binary-expr",
        "locations": [
          {
            "start": { "line": 283, "column": 8 },
            "end": { "line": 283, "column": 18 }
          },
          {
            "start": { "line": 283, "column": 18 },
            "end": { "line": 283, "column": 45 }
          }
        ]
      },
      "34": {
        "loc": {
          "start": { "line": 290, "column": 11 },
          "end": { "line": 290, "column": 30 }
        },
        "type": "binary-expr",
        "locations": [
          {
            "start": { "line": 290, "column": 11 },
            "end": { "line": 290, "column": 24 }
          },
          {
            "start": { "line": 290, "column": 28 },
            "end": { "line": 290, "column": 30 }
          }
        ]
      },
      "35": {
        "loc": {
          "start": { "line": 337, "column": 2 },
          "end": { "line": 337, "column": null }
        },
        "type": "if",
        "locations": [
          {
            "start": { "line": 337, "column": 2 },
            "end": { "line": 337, "column": null }
          }
        ]
      },
      "36": {
        "loc": {
          "start": { "line": 340, "column": 2 },
          "end": { "line": 342, "column": null }
        },
        "type": "if",
        "locations": [
          {
            "start": { "line": 340, "column": 2 },
            "end": { "line": 342, "column": null }
          }
        ]
      },
      "37": {
        "loc": {
          "start": { "line": 356, "column": 2 },
          "end": { "line": 356, "column": null }
        },
        "type": "if",
        "locations": [
          {
            "start": { "line": 356, "column": 2 },
            "end": { "line": 356, "column": null }
          }
        ]
      },
      "38": {
        "loc": {
          "start": { "line": 364, "column": 14 },
          "end": { "line": 364, "column": null }
        },
        "type": "binary-expr",
        "locations": [
          {
            "start": { "line": 364, "column": 14 },
            "end": { "line": 364, "column": 27 }
          },
          {
            "start": { "line": 364, "column": 31 },
            "end": { "line": 364, "column": null }
          }
        ]
      },
      "39": {
        "loc": {
          "start": { "line": 367, "column": 14 },
          "end": { "line": 367, "column": null }
        },
        "type": "binary-expr",
        "locations": [
          {
            "start": { "line": 367, "column": 14 },
            "end": { "line": 367, "column": 27 }
          },
          {
            "start": { "line": 367, "column": 31 },
            "end": { "line": 367, "column": null }
          }
        ]
      },
      "40": {
        "loc": {
          "start": { "line": 368, "column": 10 },
          "end": { "line": 368, "column": 25 }
        },
        "type": "binary-expr",
        "locations": [
          {
            "start": { "line": 368, "column": 10 },
            "end": { "line": 368, "column": 19 }
          },
          {
            "start": { "line": 368, "column": 23 },
            "end": { "line": 368, "column": 25 }
          }
        ]
      },
      "41": {
        "loc": {
          "start": { "line": 369, "column": 16 },
          "end": { "line": 369, "column": null }
        },
        "type": "binary-expr",
        "locations": [
          {
            "start": { "line": 369, "column": 16 },
            "end": { "line": 369, "column": 32 }
          },
          {
            "start": { "line": 369, "column": 36 },
            "end": { "line": 369, "column": null }
          }
        ]
      },
      "42": {
        "loc": {
          "start": { "line": 371, "column": 18 },
          "end": { "line": 371, "column": 35 }
        },
        "type": "binary-expr",
        "locations": [
          {
            "start": { "line": 371, "column": 18 },
            "end": { "line": 371, "column": 30 }
          },
          {
            "start": { "line": 371, "column": 34 },
            "end": { "line": 371, "column": 35 }
          }
        ]
      },
      "43": {
        "loc": {
          "start": { "line": 372, "column": 30 },
          "end": { "line": 372, "column": 47 }
        },
        "type": "binary-expr",
        "locations": [
          {
            "start": { "line": 372, "column": 30 },
            "end": { "line": 372, "column": 42 }
          },
          {
            "start": { "line": 372, "column": 46 },
            "end": { "line": 372, "column": 47 }
          }
        ]
      },
      "44": {
        "loc": {
          "start": { "line": 413, "column": 4 },
          "end": { "line": 413, "column": null }
        },
        "type": "if",
        "locations": [
          {
            "start": { "line": 413, "column": 4 },
            "end": { "line": 413, "column": null }
          }
        ]
      },
      "45": {
        "loc": {
          "start": { "line": 420, "column": 11 },
          "end": { "line": 420, "column": null }
        },
        "type": "binary-expr",
        "locations": [
          {
            "start": { "line": 420, "column": 11 },
            "end": { "line": 420, "column": 24 }
          },
          {
            "start": { "line": 420, "column": 28 },
            "end": { "line": 420, "column": null }
          }
        ]
      },
      "46": {
        "loc": {
          "start": { "line": 433, "column": 2 },
          "end": { "line": 433, "column": null }
        },
        "type": "if",
        "locations": [
          {
            "start": { "line": 433, "column": 2 },
            "end": { "line": 433, "column": null }
          }
        ]
      },
      "47": {
        "loc": {
          "start": { "line": 454, "column": 2 },
          "end": { "line": 454, "column": null }
        },
        "type": "if",
        "locations": [
          {
            "start": { "line": 454, "column": 2 },
            "end": { "line": 454, "column": null }
          }
        ]
      },
      "48": {
        "loc": {
          "start": { "line": 472, "column": 32 },
          "end": { "line": 472, "column": 42 }
        },
        "type": "default-arg",
        "locations": [
          {
            "start": { "line": 472, "column": 40 },
            "end": { "line": 472, "column": 42 }
          }
        ]
      },
      "49": {
        "loc": {
          "start": { "line": 472, "column": 44 },
          "end": { "line": 472, "column": 54 }
        },
        "type": "default-arg",
        "locations": [
          {
            "start": { "line": 472, "column": 53 },
            "end": { "line": 472, "column": 54 }
          }
        ]
      },
      "50": {
        "loc": {
          "start": { "line": 472, "column": 56 },
          "end": { "line": 472, "column": 69 }
        },
        "type": "default-arg",
        "locations": [
          {
            "start": { "line": 472, "column": 65 },
            "end": { "line": 472, "column": 69 }
          }
        ]
      },
      "51": {
        "loc": {
          "start": { "line": 474, "column": 2 },
          "end": { "line": 474, "column": null }
        },
        "type": "if",
        "locations": [
          {
            "start": { "line": 474, "column": 2 },
            "end": { "line": 474, "column": null }
          }
        ]
      },
      "52": {
        "loc": {
          "start": { "line": 477, "column": 2 },
          "end": { "line": 479, "column": null }
        },
        "type": "if",
        "locations": [
          {
            "start": { "line": 477, "column": 2 },
            "end": { "line": 479, "column": null }
          }
        ]
      },
      "53": {
        "loc": {
          "start": { "line": 495, "column": 2 },
          "end": { "line": 495, "column": null }
        },
        "type": "if",
        "locations": [
          {
            "start": { "line": 495, "column": 2 },
            "end": { "line": 495, "column": null }
          }
        ]
      },
      "54": {
        "loc": {
          "start": { "line": 510, "column": 2 },
          "end": { "line": 510, "column": null }
        },
        "type": "if",
        "locations": [
          {
            "start": { "line": 510, "column": 2 },
            "end": { "line": 510, "column": null }
          }
        ]
      },
      "55": {
        "loc": {
          "start": { "line": 530, "column": 11 },
          "end": { "line": 530, "column": 30 }
        },
        "type": "binary-expr",
        "locations": [
          {
            "start": { "line": 530, "column": 11 },
            "end": { "line": 530, "column": 24 }
          },
          {
            "start": { "line": 530, "column": 28 },
            "end": { "line": 530, "column": 30 }
          }
        ]
      },
      "56": {
        "loc": {
          "start": { "line": 543, "column": 50 },
          "end": { "line": 543, "column": 62 }
        },
        "type": "default-arg",
        "locations": [
          {
            "start": { "line": 543, "column": 58 },
            "end": { "line": 543, "column": 62 }
          }
        ]
      },
      "57": {
        "loc": {
          "start": { "line": 545, "column": 2 },
          "end": { "line": 547, "column": null }
        },
        "type": "if",
        "locations": [
          {
            "start": { "line": 545, "column": 2 },
            "end": { "line": 547, "column": null }
          }
        ]
      }
    },
    "s": {
      "0": 0,
      "1": 0,
      "2": 0,
      "3": 0,
      "4": 0,
      "5": 0,
      "6": 0,
      "7": 0,
      "8": 0,
      "9": 0,
      "10": 0,
      "11": 11,
      "12": 4,
      "13": 0,
      "14": 0,
      "15": 0,
      "16": 0,
      "17": 0,
      "18": 0,
      "19": 0,
      "20": 0,
      "21": 0,
      "22": 0,
      "23": 0,
      "24": 0,
      "25": 1,
      "26": 1,
      "27": 1,
      "28": 15,
      "29": 15,
      "30": 15,
      "31": 14,
      "32": 2,
      "33": 12,
      "34": 12,
      "35": 3,
      "36": 3,
      "37": 11,
      "38": 11,
      "39": 11,
      "40": 9,
      "41": 9,
      "42": 0,
      "43": 0,
      "44": 9,
      "45": 0,
      "46": 0,
      "47": 0,
      "48": 0,
      "49": 0,
      "50": 0,
      "51": 0,
      "52": 4,
      "53": 4,
      "54": 3,
      "55": 0,
      "56": 0,
      "57": 0,
      "58": 0,
      "59": 3,
      "60": 1,
      "61": 1,
      "62": 0,
      "63": 0,
      "64": 0,
      "65": 0,
      "66": 0,
      "67": 0,
      "68": 0,
      "69": 0,
      "70": 0,
      "71": 0,
      "72": 0,
      "73": 0,
      "74": 0,
      "75": 0,
      "76": 0,
      "77": 0,
      "78": 0,
      "79": 0,
      "80": 0,
      "81": 0,
      "82": 0,
      "83": 0,
      "84": 0,
      "85": 0,
      "86": 0,
      "87": 0,
      "88": 0,
      "89": 0,
      "90": 0,
      "91": 0,
      "92": 0,
      "93": 0,
      "94": 0,
      "95": 0,
      "96": 0,
      "97": 0,
      "98": 0,
      "99": 0,
      "100": 0,
      "101": 0,
      "102": 0,
      "103": 0,
      "104": 0,
      "105": 0,
      "106": 0,
      "107": 0,
      "108": 0,
      "109": 0,
      "110": 0,
      "111": 0,
      "112": 0,
      "113": 0,
      "114": 0,
      "115": 0,
      "116": 0,
      "117": 0,
      "118": 0,
      "119": 0,
      "120": 0,
      "121": 0,
      "122": 0,
      "123": 0,
      "124": 0,
      "125": 0,
      "126": 0,
      "127": 0,
      "128": 0,
      "129": 0,
      "130": 0,
      "131": 0,
      "132": 0,
      "133": 0,
      "134": 0,
      "135": 0,
      "136": 0,
      "137": 0,
      "138": 0,
      "139": 0,
      "140": 0,
      "141": 0,
      "142": 0,
      "143": 0,
      "144": 0,
      "145": 0,
      "146": 0,
      "147": 0,
      "148": 0,
      "149": 0,
      "150": 0,
      "151": 0,
      "152": 0,
      "153": 0,
      "154": 0,
      "155": 0,
      "156": 0,
      "157": 0,
      "158": 0,
      "159": 0,
      "160": 0,
      "161": 0,
      "162": 0,
      "163": 0,
      "164": 0,
      "165": 0,
      "166": 0,
      "167": 0,
      "168": 1
    },
    "f": {
      "0": 15,
      "1": 11,
      "2": 0,
      "3": 0,
      "4": 4,
      "5": 0,
      "6": 0,
      "7": 0,
      "8": 0,
      "9": 0,
      "10": 0,
      "11": 0,
      "12": 0,
      "13": 0,
      "14": 0,
      "15": 0,
      "16": 0,
      "17": 0,
      "18": 0,
      "19": 0,
      "20": 0,
      "21": 0,
      "22": 0,
      "23": 0,
      "24": 0,
      "25": 0,
      "26": 0,
      "27": 0,
      "28": 0
    },
    "b": {
      "0": [1, 1, 1],
      "1": [15],
      "2": [2],
      "3": [0],
      "4": [0],
      "5": [11],
      "6": [9, 9],
      "7": [0],
      "8": [9, 9],
      "9": [9, 9],
      "10": [0],
      "11": [0, 0],
      "12": [0],
      "13": [3, 0],
      "14": [0],
      "15": [0, 0],
      "16": [0, 0],
      "17": [0, 0],
      "18": [0, 0],
      "19": [0],
      "20": [0],
      "21": [0],
      "22": [0],
      "23": [0],
      "24": [0, 0],
      "25": [0],
      "26": [0],
      "27": [0],
      "28": [0],
      "29": [0, 0],
      "30": [0, 0],
      "31": [0],
      "32": [0],
      "33": [0, 0],
      "34": [0, 0],
      "35": [0],
      "36": [0],
      "37": [0],
      "38": [0, 0],
      "39": [0, 0],
      "40": [0, 0],
      "41": [0, 0],
      "42": [0, 0],
      "43": [0, 0],
      "44": [0],
      "45": [0, 0],
      "46": [0],
      "47": [0],
      "48": [0],
      "49": [0],
      "50": [0],
      "51": [0],
      "52": [0],
      "53": [0],
      "54": [0],
      "55": [0, 0],
      "56": [0],
      "57": [0]
    }
  },
  "C:\\Users\\mattm\\glad-labs-website\\web\\public-site\\lib\\url.js": {
    "path": "C:\\Users\\mattm\\glad-labs-website\\web\\public-site\\lib\\url.js",
    "statementMap": {
      "0": {
        "start": { "line": 41, "column": 16 },
        "end": { "line": 41, "column": null }
      },
      "1": {
        "start": { "line": 17, "column": 16 },
        "end": { "line": 17, "column": 31 }
      },
      "2": {
        "start": { "line": 33, "column": 16 },
        "end": { "line": 33, "column": 29 }
      },
      "3": {
        "start": { "line": 7, "column": 2 },
        "end": { "line": 9, "column": null }
      },
      "4": {
        "start": { "line": 18, "column": 2 },
        "end": { "line": 18, "column": null }
      },
      "5": {
        "start": { "line": 18, "column": 13 },
        "end": { "line": 18, "column": null }
      },
      "6": {
        "start": { "line": 21, "column": 2 },
        "end": { "line": 23, "column": null }
      },
      "7": {
        "start": { "line": 22, "column": 4 },
        "end": { "line": 22, "column": null }
      },
      "8": {
        "start": { "line": 26, "column": 2 },
        "end": { "line": 26, "column": null }
      },
      "9": {
        "start": { "line": 34, "column": 2 },
        "end": { "line": 34, "column": null }
      },
      "10": {
        "start": { "line": 42, "column": 2 },
        "end": { "line": 42, "column": null }
      }
    },
    "fnMap": {
      "0": {
        "name": "getAbsoluteURL",
        "decl": {
          "start": { "line": 17, "column": 16 },
          "end": { "line": 17, "column": 31 }
        },
        "loc": {
          "start": { "line": 17, "column": 40 },
          "end": { "line": 27, "column": null }
        }
      },
      "1": {
        "name": "getStrapiURL",
        "decl": {
          "start": { "line": 33, "column": 16 },
          "end": { "line": 33, "column": 29 }
        },
        "loc": {
          "start": { "line": 33, "column": 38 },
          "end": { "line": 35, "column": null }
        }
      },
      "2": {
        "name": "getAPIBaseURL",
        "decl": {
          "start": { "line": 41, "column": 16 },
          "end": { "line": 41, "column": null }
        },
        "loc": {
          "start": { "line": 41, "column": 16 },
          "end": { "line": 43, "column": null }
        }
      }
    },
    "branchMap": {
      "0": {
        "loc": {
          "start": { "line": 7, "column": 2 },
          "end": { "line": 9, "column": null }
        },
        "type": "binary-expr",
        "locations": [
          {
            "start": { "line": 7, "column": 2 },
            "end": { "line": 7, "column": 38 }
          },
          {
            "start": { "line": 8, "column": 2 },
            "end": { "line": 8, "column": 37 }
          },
          {
            "start": { "line": 9, "column": 2 },
            "end": { "line": 9, "column": null }
          }
        ]
      },
      "1": {
        "loc": {
          "start": { "line": 17, "column": 31 },
          "end": { "line": 17, "column": 40 }
        },
        "type": "default-arg",
        "locations": [
          {
            "start": { "line": 17, "column": 38 },
            "end": { "line": 17, "column": 40 }
          }
        ]
      },
      "2": {
        "loc": {
          "start": { "line": 18, "column": 2 },
          "end": { "line": 18, "column": null }
        },
        "type": "if",
        "locations": [
          {
            "start": { "line": 18, "column": 2 },
            "end": { "line": 18, "column": null }
          }
        ]
      },
      "3": {
        "loc": {
          "start": { "line": 21, "column": 2 },
          "end": { "line": 23, "column": null }
        },
        "type": "if",
        "locations": [
          {
            "start": { "line": 21, "column": 2 },
            "end": { "line": 23, "column": null }
          }
        ]
      },
      "4": {
        "loc": {
          "start": { "line": 21, "column": 6 },
          "end": { "line": 21, "column": 65 }
        },
        "type": "binary-expr",
        "locations": [
          {
            "start": { "line": 21, "column": 6 },
            "end": { "line": 21, "column": 36 }
          },
          {
            "start": { "line": 21, "column": 36 },
            "end": { "line": 21, "column": 65 }
          }
        ]
      },
      "5": {
        "loc": {
          "start": { "line": 33, "column": 29 },
          "end": { "line": 33, "column": 38 }
        },
        "type": "default-arg",
        "locations": [
          {
            "start": { "line": 33, "column": 36 },
            "end": { "line": 33, "column": 38 }
          }
        ]
      }
    },
    "s": {
      "0": 8,
      "1": 12,
      "2": 3,
      "3": 1,
      "4": 15,
      "5": 3,
      "6": 12,
      "7": 0,
      "8": 12,
      "9": 3,
      "10": 8
    },
    "f": { "0": 15, "1": 3, "2": 8 },
    "b": {
      "0": [1, 1, 1],
      "1": [0],
      "2": [3],
      "3": [0],
      "4": [12, 12],
      "5": [2]
    }
  }
}
