{
  "C:\\Users\\mattm\\glad-labs-website\\web\\public-site\\components\\Footer.js": {
    "path": "C:\\Users\\mattm\\glad-labs-website\\web\\public-site\\components\\Footer.js",
    "statementMap": {
      "0": {
        "start": { "line": 102, "column": 0 },
        "end": { "line": 102, "column": 15 }
      },
      "1": {
        "start": { "line": 1, "column": 17 },
        "end": { "line": 1, "column": null }
      },
      "2": {
        "start": { "line": 3, "column": 15 },
        "end": { "line": 100, "column": null }
      },
      "3": {
        "start": { "line": 4, "column": 22 },
        "end": { "line": 4, "column": null }
      },
      "4": {
        "start": { "line": 102, "column": 15 },
        "end": { "line": 102, "column": null }
      }
    },
    "fnMap": {
      "0": {
        "name": "(anonymous_2)",
        "decl": {
          "start": { "line": 3, "column": 15 },
          "end": { "line": 3, "column": null }
        },
        "loc": {
          "start": { "line": 3, "column": 15 },
          "end": { "line": 100, "column": null }
        }
      }
    },
    "branchMap": {},
    "s": { "0": 1, "1": 1, "2": 1, "3": 1, "4": 1 },
    "f": { "0": 1 },
    "b": {}
  },
  "C:\\Users\\mattm\\glad-labs-website\\web\\public-site\\components\\Header.js": {
    "path": "C:\\Users\\mattm\\glad-labs-website\\web\\public-site\\components\\Header.js",
    "statementMap": {
      "0": {
        "start": { "line": 221, "column": 0 },
        "end": { "line": 221, "column": 15 }
      },
      "1": {
        "start": { "line": 1, "column": 17 },
        "end": { "line": 1, "column": null }
      },
      "2": {
        "start": { "line": 2, "column": 26 },
        "end": { "line": 2, "column": null }
      },
      "3": {
        "start": { "line": 3, "column": 36 },
        "end": { "line": 3, "column": null }
      },
      "4": {
        "start": { "line": 4, "column": 22 },
        "end": { "line": 4, "column": null }
      },
      "5": {
        "start": { "line": 5, "column": 43 },
        "end": { "line": 5, "column": null }
      },
      "6": {
        "start": { "line": 6, "column": 23 },
        "end": { "line": 6, "column": null }
      },
      "7": {
        "start": { "line": 8, "column": 15 },
        "end": { "line": 219, "column": null }
      },
      "8": {
        "start": { "line": 9, "column": 17 },
        "end": { "line": 9, "column": null }
      },
      "9": {
        "start": { "line": 10, "column": 26 },
        "end": { "line": 10, "column": null }
      },
      "10": {
        "start": { "line": 11, "column": 32 },
        "end": { "line": 11, "column": null }
      },
      "11": {
        "start": { "line": 14, "column": 2 },
        "end": { "line": 48, "column": null }
      },
      "12": {
        "start": { "line": 15, "column": 22 },
        "end": { "line": 31, "column": null }
      },
      "13": {
        "start": { "line": 16, "column": 6 },
        "end": { "line": 30, "column": null }
      },
      "14": {
        "start": { "line": 17, "column": 22 },
        "end": { "line": 17, "column": null }
      },
      "15": {
        "start": { "line": 18, "column": 25 },
        "end": { "line": 18, "column": null }
      },
      "16": {
        "start": { "line": 20, "column": 8 },
        "end": { "line": 24, "column": null }
      },
      "17": {
        "start": { "line": 21, "column": 10 },
        "end": { "line": 21, "column": null }
      },
      "18": {
        "start": { "line": 23, "column": 10 },
        "end": { "line": 23, "column": null }
      },
      "19": {
        "start": { "line": 26, "column": 8 },
        "end": { "line": 26, "column": null }
      },
      "20": {
        "start": { "line": 27, "column": 8 },
        "end": { "line": 27, "column": null }
      },
      "21": {
        "start": { "line": 29, "column": 8 },
        "end": { "line": 29, "column": null }
      },
      "22": {
        "start": { "line": 33, "column": 4 },
        "end": { "line": 33, "column": null }
      },
      "23": {
        "start": { "line": 36, "column": 4 },
        "end": { "line": 36, "column": null }
      },
      "24": {
        "start": { "line": 38, "column": 4 },
        "end": { "line": 42, "column": null }
      },
      "25": {
        "start": { "line": 39, "column": 6 },
        "end": { "line": 41, "column": null }
      },
      "26": {
        "start": { "line": 40, "column": 8 },
        "end": { "line": 40, "column": null }
      },
      "27": {
        "start": { "line": 44, "column": 4 },
        "end": { "line": 47, "column": null }
      },
      "28": {
        "start": { "line": 45, "column": 6 },
        "end": { "line": 45, "column": null }
      },
      "29": {
        "start": { "line": 46, "column": 6 },
        "end": { "line": 46, "column": null }
      },
      "30": {
        "start": { "line": 50, "column": 23 },
        "end": { "line": 62, "column": null }
      },
      "31": {
        "start": { "line": 51, "column": 4 },
        "end": { "line": 61, "column": null }
      },
      "32": {
        "start": { "line": 52, "column": 6 },
        "end": { "line": 52, "column": null }
      },
      "33": {
        "start": { "line": 54, "column": 6 },
        "end": { "line": 54, "column": null }
      },
      "34": {
        "start": { "line": 57, "column": 6 },
        "end": { "line": 57, "column": null }
      },
      "35": {
        "start": { "line": 58, "column": 6 },
        "end": { "line": 58, "column": null }
      },
      "36": {
        "start": { "line": 59, "column": 6 },
        "end": { "line": 59, "column": null }
      },
      "37": {
        "start": { "line": 60, "column": 6 },
        "end": { "line": 60, "column": null }
      },
      "38": {
        "start": { "line": 65, "column": 19 },
        "end": { "line": 65, "column": null }
      },
      "39": {
        "start": { "line": 65, "column": 29 },
        "end": { "line": 65, "column": null }
      },
      "40": {
        "start": { "line": 221, "column": 15 },
        "end": { "line": 221, "column": null }
      }
    },
    "fnMap": {
      "0": {
        "name": "(anonymous_2)",
        "decl": {
          "start": { "line": 8, "column": 15 },
          "end": { "line": 8, "column": null }
        },
        "loc": {
          "start": { "line": 8, "column": 15 },
          "end": { "line": 219, "column": null }
        }
      },
      "1": {
        "name": "(anonymous_3)",
        "decl": {
          "start": { "line": 14, "column": 12 },
          "end": { "line": 14, "column": null }
        },
        "loc": {
          "start": { "line": 14, "column": 12 },
          "end": { "line": 48, "column": 5 }
        }
      },
      "2": {
        "name": "(anonymous_4)",
        "decl": {
          "start": { "line": 15, "column": 22 },
          "end": { "line": 15, "column": null }
        },
        "loc": {
          "start": { "line": 15, "column": 22 },
          "end": { "line": 31, "column": null }
        }
      },
      "3": {
        "name": "(anonymous_5)",
        "decl": {
          "start": { "line": 38, "column": 50 },
          "end": { "line": 38, "column": null }
        },
        "loc": {
          "start": { "line": 38, "column": 50 },
          "end": { "line": 42, "column": null }
        }
      },
      "4": {
        "name": "(anonymous_6)",
        "decl": {
          "start": { "line": 44, "column": 11 },
          "end": { "line": 44, "column": null }
        },
        "loc": {
          "start": { "line": 44, "column": 11 },
          "end": { "line": 47, "column": null }
        }
      },
      "5": {
        "name": "(anonymous_7)",
        "decl": {
          "start": { "line": 50, "column": 23 },
          "end": { "line": 50, "column": null }
        },
        "loc": {
          "start": { "line": 50, "column": 23 },
          "end": { "line": 62, "column": null }
        }
      },
      "6": {
        "name": "(anonymous_8)",
        "decl": {
          "start": { "line": 65, "column": 19 },
          "end": { "line": 65, "column": 20 }
        },
        "loc": {
          "start": { "line": 65, "column": 29 },
          "end": { "line": 65, "column": null }
        }
      }
    },
    "branchMap": {
      "0": {
        "loc": {
          "start": { "line": 20, "column": 8 },
          "end": { "line": 24, "column": null }
        },
        "type": "if",
        "locations": [
          {
            "start": { "line": 20, "column": 8 },
            "end": { "line": 24, "column": null }
          },
          {
            "start": { "line": 22, "column": 15 },
            "end": { "line": 24, "column": null }
          }
        ]
      },
      "1": {
        "loc": {
          "start": { "line": 20, "column": 12 },
          "end": { "line": 20, "column": 31 }
        },
        "type": "binary-expr",
        "locations": [
          {
            "start": { "line": 20, "column": 12 },
            "end": { "line": 20, "column": 21 }
          },
          {
            "start": { "line": 20, "column": 21 },
            "end": { "line": 20, "column": 31 }
          }
        ]
      },
      "2": {
        "loc": {
          "start": { "line": 39, "column": 6 },
          "end": { "line": 41, "column": null }
        },
        "type": "if",
        "locations": [
          {
            "start": { "line": 39, "column": 6 },
            "end": { "line": 41, "column": null }
          }
        ]
      },
      "3": {
        "loc": {
          "start": { "line": 90, "column": 30 },
          "end": { "line": 90, "column": null }
        },
        "type": "cond-expr",
        "locations": [
          {
            "start": { "line": 90, "column": 46 },
            "end": { "line": 90, "column": 55 }
          },
          {
            "start": { "line": 90, "column": 55 },
            "end": { "line": 90, "column": null }
          }
        ]
      },
      "4": {
        "loc": {
          "start": { "line": 112, "column": 32 },
          "end": { "line": 112, "column": null }
        },
        "type": "cond-expr",
        "locations": [
          {
            "start": { "line": 112, "column": 48 },
            "end": { "line": 112, "column": 57 }
          },
          {
            "start": { "line": 112, "column": 57 },
            "end": { "line": 112, "column": null }
          }
        ]
      },
      "5": {
        "loc": {
          "start": { "line": 119, "column": 32 },
          "end": { "line": 119, "column": null }
        },
        "type": "cond-expr",
        "locations": [
          {
            "start": { "line": 119, "column": 53 },
            "end": { "line": 119, "column": 62 }
          },
          {
            "start": { "line": 119, "column": 62 },
            "end": { "line": 119, "column": null }
          }
        ]
      },
      "6": {
        "loc": {
          "start": { "line": 126, "column": 32 },
          "end": { "line": 126, "column": null }
        },
        "type": "cond-expr",
        "locations": [
          {
            "start": { "line": 126, "column": 57 },
            "end": { "line": 126, "column": 66 }
          },
          {
            "start": { "line": 126, "column": 66 },
            "end": { "line": 126, "column": null }
          }
        ]
      },
      "7": {
        "loc": {
          "start": { "line": 135, "column": 15 },
          "end": { "line": 135, "column": null }
        },
        "type": "binary-expr",
        "locations": [
          {
            "start": { "line": 135, "column": 15 },
            "end": { "line": 135, "column": null }
          }
        ]
      },
      "8": {
        "loc": {
          "start": { "line": 138, "column": 20 },
          "end": { "line": 140, "column": 21 }
        },
        "type": "cond-expr",
        "locations": [
          {
            "start": { "line": 138, "column": 20 },
            "end": { "line": 140, "column": 21 }
          }
        ]
      }
    },
    "s": {
      "0": 1,
      "1": 1,
      "2": 1,
      "3": 1,
      "4": 1,
      "5": 1,
      "6": 1,
      "7": 1,
      "8": 2,
      "9": 2,
      "10": 2,
      "11": 2,
      "12": 1,
      "13": 1,
      "14": 1,
      "15": 1,
      "16": 1,
      "17": 0,
      "18": 1,
      "19": 0,
      "20": 0,
      "21": 1,
      "22": 1,
      "23": 1,
      "24": 1,
      "25": 0,
      "26": 0,
      "27": 1,
      "28": 1,
      "29": 1,
      "30": 2,
      "31": 0,
      "32": 0,
      "33": 0,
      "34": 0,
      "35": 0,
      "36": 0,
      "37": 0,
      "38": 2,
      "39": 8,
      "40": 1
    },
    "f": { "0": 2, "1": 1, "2": 1, "3": 0, "4": 1, "5": 0, "6": 8 },
    "b": {
      "0": [0, 1],
      "1": [1, 0],
      "2": [0],
      "3": [2, 0],
      "4": [2, 0],
      "5": [0, 2],
      "6": [0, 2],
      "7": [2],
      "8": [0]
    }
  },
  "C:\\Users\\mattm\\glad-labs-website\\web\\public-site\\components\\Layout.js": {
    "path": "C:\\Users\\mattm\\glad-labs-website\\web\\public-site\\components\\Layout.js",
    "statementMap": {
      "0": {
        "start": { "line": 25, "column": 24 },
        "end": { "line": 25, "column": 31 }
      },
      "1": {
        "start": { "line": 12, "column": 17 },
        "end": { "line": 12, "column": null }
      },
      "2": {
        "start": { "line": 13, "column": 17 },
        "end": { "line": 13, "column": null }
      },
      "3": {
        "start": { "line": 14, "column": 26 },
        "end": { "line": 14, "column": null }
      },
      "4": {
        "start": { "line": 15, "column": 26 },
        "end": { "line": 15, "column": null }
      },
      "5": {
        "start": { "line": 16, "column": 43 },
        "end": { "line": 16, "column": null }
      },
      "6": {
        "start": { "line": 26, "column": 17 },
        "end": { "line": 26, "column": null }
      },
      "7": {
        "start": { "line": 29, "column": 2 },
        "end": { "line": 50, "column": null }
      },
      "8": {
        "start": { "line": 30, "column": 4 },
        "end": { "line": 30, "column": null }
      },
      "9": {
        "start": { "line": 30, "column": 24 },
        "end": { "line": 30, "column": null }
      },
      "10": {
        "start": { "line": 32, "column": 30 },
        "end": { "line": 46, "column": null }
      },
      "11": {
        "start": { "line": 34, "column": 23 },
        "end": { "line": 34, "column": 40 }
      },
      "12": {
        "start": { "line": 35, "column": 24 },
        "end": { "line": 35, "column": null }
      },
      "13": {
        "start": { "line": 38, "column": 21 },
        "end": { "line": 38, "column": null }
      },
      "14": {
        "start": { "line": 39, "column": 6 },
        "end": { "line": 43, "column": null }
      },
      "15": {
        "start": { "line": 39, "column": 28 },
        "end": { "line": 39, "column": null }
      },
      "16": {
        "start": { "line": 40, "column": 11 },
        "end": { "line": 43, "column": null }
      },
      "17": {
        "start": { "line": 40, "column": 47 },
        "end": { "line": 40, "column": null }
      },
      "18": {
        "start": { "line": 41, "column": 11 },
        "end": { "line": 43, "column": null }
      },
      "19": {
        "start": { "line": 41, "column": 49 },
        "end": { "line": 41, "column": null }
      },
      "20": {
        "start": { "line": 42, "column": 11 },
        "end": { "line": 43, "column": null }
      },
      "21": {
        "start": { "line": 42, "column": 50 },
        "end": { "line": 42, "column": null }
      },
      "22": {
        "start": { "line": 43, "column": 11 },
        "end": { "line": 43, "column": null }
      },
      "23": {
        "start": { "line": 43, "column": 45 },
        "end": { "line": 43, "column": null }
      },
      "24": {
        "start": { "line": 45, "column": 6 },
        "end": { "line": 45, "column": null }
      },
      "25": {
        "start": { "line": 48, "column": 4 },
        "end": { "line": 48, "column": null }
      },
      "26": {
        "start": { "line": 49, "column": 4 },
        "end": { "line": 49, "column": null }
      },
      "27": {
        "start": { "line": 49, "column": 17 },
        "end": { "line": 49, "column": null }
      }
    },
    "fnMap": {
      "0": {
        "name": "Layout",
        "decl": {
          "start": { "line": 25, "column": 24 },
          "end": { "line": 25, "column": 31 }
        },
        "loc": {
          "start": { "line": 25, "column": 43 },
          "end": { "line": 232, "column": null }
        }
      },
      "1": {
        "name": "(anonymous_3)",
        "decl": {
          "start": { "line": 29, "column": 12 },
          "end": { "line": 29, "column": null }
        },
        "loc": {
          "start": { "line": 29, "column": 12 },
          "end": { "line": 50, "column": 5 }
        }
      },
      "2": {
        "name": "(anonymous_4)",
        "decl": {
          "start": { "line": 32, "column": 30 },
          "end": { "line": 32, "column": 31 }
        },
        "loc": {
          "start": { "line": 32, "column": 31 },
          "end": { "line": 46, "column": null }
        }
      },
      "3": {
        "name": "(anonymous_5)",
        "decl": {
          "start": { "line": 49, "column": 11 },
          "end": { "line": 49, "column": 17 }
        },
        "loc": {
          "start": { "line": 49, "column": 17 },
          "end": { "line": 49, "column": null }
        }
      }
    },
    "branchMap": {
      "0": {
        "loc": {
          "start": { "line": 30, "column": 4 },
          "end": { "line": 30, "column": null }
        },
        "type": "if",
        "locations": [
          {
            "start": { "line": 30, "column": 4 },
            "end": { "line": 30, "column": null }
          }
        ]
      },
      "1": {
        "loc": {
          "start": { "line": 35, "column": 24 },
          "end": { "line": 35, "column": null }
        },
        "type": "binary-expr",
        "locations": [
          {
            "start": { "line": 35, "column": 24 },
            "end": { "line": 35, "column": 38 }
          },
          {
            "start": { "line": 35, "column": 42 },
            "end": { "line": 35, "column": null }
          }
        ]
      },
      "2": {
        "loc": {
          "start": { "line": 39, "column": 6 },
          "end": { "line": 43, "column": null }
        },
        "type": "if",
        "locations": [
          {
            "start": { "line": 39, "column": 6 },
            "end": { "line": 43, "column": null }
          },
          {
            "start": { "line": 40, "column": 11 },
            "end": { "line": 43, "column": null }
          }
        ]
      },
      "3": {
        "loc": {
          "start": { "line": 40, "column": 11 },
          "end": { "line": 43, "column": null }
        },
        "type": "if",
        "locations": [
          {
            "start": { "line": 40, "column": 11 },
            "end": { "line": 43, "column": null }
          },
          {
            "start": { "line": 41, "column": 11 },
            "end": { "line": 43, "column": null }
          }
        ]
      },
      "4": {
        "loc": {
          "start": { "line": 41, "column": 11 },
          "end": { "line": 43, "column": null }
        },
        "type": "if",
        "locations": [
          {
            "start": { "line": 41, "column": 11 },
            "end": { "line": 43, "column": null }
          },
          {
            "start": { "line": 42, "column": 11 },
            "end": { "line": 43, "column": null }
          }
        ]
      },
      "5": {
        "loc": {
          "start": { "line": 42, "column": 11 },
          "end": { "line": 43, "column": null }
        },
        "type": "if",
        "locations": [
          {
            "start": { "line": 42, "column": 11 },
            "end": { "line": 43, "column": null }
          },
          {
            "start": { "line": 43, "column": 11 },
            "end": { "line": 43, "column": null }
          }
        ]
      },
      "6": {
        "loc": {
          "start": { "line": 43, "column": 11 },
          "end": { "line": 43, "column": null }
        },
        "type": "if",
        "locations": [
          {
            "start": { "line": 43, "column": 11 },
            "end": { "line": 43, "column": null }
          }
        ]
      },
      "7": {
        "loc": {
          "start": { "line": 55, "column": 9 },
          "end": { "line": 55, "column": 39 }
        },
        "type": "binary-expr",
        "locations": [
          {
            "start": { "line": 55, "column": 9 },
            "end": { "line": 55, "column": 39 }
          }
        ]
      }
    },
    "s": {
      "0": 1,
      "1": 1,
      "2": 1,
      "3": 1,
      "4": 1,
      "5": 1,
      "6": 1,
      "7": 1,
      "8": 1,
      "9": 1,
      "10": 0,
      "11": 0,
      "12": 0,
      "13": 0,
      "14": 0,
      "15": 0,
      "16": 0,
      "17": 0,
      "18": 0,
      "19": 0,
      "20": 0,
      "21": 0,
      "22": 0,
      "23": 0,
      "24": 0,
      "25": 0,
      "26": 0,
      "27": 0
    },
    "f": { "0": 1, "1": 1, "2": 0, "3": 0 },
    "b": {
      "0": [1],
      "1": [0, 0],
      "2": [0, 0],
      "3": [0, 0],
      "4": [0, 0],
      "5": [0, 0],
      "6": [0],
      "7": [1]
    }
  },
  "C:\\Users\\mattm\\glad-labs-website\\web\\public-site\\components\\LoginLink.jsx": {
    "path": "C:\\Users\\mattm\\glad-labs-website\\web\\public-site\\components\\LoginLink.jsx",
    "statementMap": {
      "0": {
        "start": { "line": 18, "column": 16 },
        "end": { "line": 18, "column": 33 }
      },
      "1": {
        "start": { "line": 138, "column": 16 },
        "end": { "line": 138, "column": 25 }
      },
      "2": {
        "start": { "line": 201, "column": 0 },
        "end": { "line": 201, "column": 15 }
      },
      "3": {
        "start": { "line": 8, "column": 32 },
        "end": { "line": 8, "column": null }
      },
      "4": {
        "start": { "line": 9, "column": 17 },
        "end": { "line": 9, "column": null }
      },
      "5": {
        "start": { "line": 10, "column": 33 },
        "end": { "line": 10, "column": null }
      },
      "6": {
        "start": { "line": 23, "column": 32 },
        "end": { "line": 23, "column": null }
      },
      "7": {
        "start": { "line": 24, "column": 28 },
        "end": { "line": 24, "column": null }
      },
      "8": {
        "start": { "line": 26, "column": 22 },
        "end": { "line": 57, "column": null }
      },
      "9": {
        "start": { "line": 27, "column": 4 },
        "end": { "line": 27, "column": null }
      },
      "10": {
        "start": { "line": 28, "column": 4 },
        "end": { "line": 28, "column": null }
      },
      "11": {
        "start": { "line": 29, "column": 4 },
        "end": { "line": 29, "column": null }
      },
      "12": {
        "start": { "line": 31, "column": 4 },
        "end": { "line": 56, "column": null }
      },
      "13": {
        "start": { "line": 32, "column": 6 },
        "end": { "line": 32, "column": null }
      },
      "14": {
        "start": { "line": 35, "column": 23 },
        "end": { "line": 35, "column": null }
      },
      "15": {
        "start": { "line": 37, "column": 6 },
        "end": { "line": 39, "column": null }
      },
      "16": {
        "start": { "line": 38, "column": 8 },
        "end": { "line": 38, "column": null }
      },
      "17": {
        "start": { "line": 42, "column": 6 },
        "end": { "line": 42, "column": null }
      },
      "18": {
        "start": { "line": 43, "column": 6 },
        "end": { "line": 45, "column": null }
      },
      "19": {
        "start": { "line": 48, "column": 6 },
        "end": { "line": 48, "column": null }
      },
      "20": {
        "start": { "line": 51, "column": 6 },
        "end": { "line": 51, "column": null }
      },
      "21": {
        "start": { "line": 53, "column": 6 },
        "end": { "line": 53, "column": null }
      },
      "22": {
        "start": { "line": 54, "column": 6 },
        "end": { "line": 54, "column": null }
      },
      "23": {
        "start": { "line": 55, "column": 6 },
        "end": { "line": 55, "column": null }
      },
      "24": {
        "start": { "line": 59, "column": 23 },
        "end": { "line": 59, "column": null }
      },
      "25": {
        "start": { "line": 60, "column": 22 },
        "end": { "line": 60, "column": 62 }
      },
      "26": {
        "start": { "line": 63, "column": 4 },
        "end": { "line": 63, "column": null }
      },
      "27": {
        "start": { "line": 64, "column": 25 },
        "end": { "line": 69, "column": null }
      },
      "28": {
        "start": { "line": 71, "column": 17 },
        "end": { "line": 71, "column": 98 }
      },
      "29": {
        "start": { "line": 139, "column": 30 },
        "end": { "line": 139, "column": null }
      },
      "30": {
        "start": { "line": 141, "column": 2 },
        "end": { "line": 141, "column": null }
      },
      "31": {
        "start": { "line": 141, "column": 13 },
        "end": { "line": 141, "column": null }
      },
      "32": {
        "start": { "line": 146, "column": 23 },
        "end": { "line": 146, "column": null }
      },
      "33": {
        "start": { "line": 188, "column": 14 },
        "end": { "line": 188, "column": null }
      },
      "34": {
        "start": { "line": 189, "column": 14 },
        "end": { "line": 189, "column": null }
      },
      "35": {
        "start": { "line": 201, "column": 15 },
        "end": { "line": 201, "column": null }
      }
    },
    "fnMap": {
      "0": {
        "name": "OAuthLoginButton",
        "decl": {
          "start": { "line": 18, "column": 16 },
          "end": { "line": 18, "column": 33 }
        },
        "loc": {
          "start": { "line": 22, "column": 1 },
          "end": { "line": 133, "column": null }
        }
      },
      "1": {
        "name": "(anonymous_9)",
        "decl": {
          "start": { "line": 26, "column": 22 },
          "end": { "line": 26, "column": 29 }
        },
        "loc": {
          "start": { "line": 26, "column": 29 },
          "end": { "line": 57, "column": null }
        }
      },
      "2": {
        "name": "UserMenu",
        "decl": {
          "start": { "line": 138, "column": 16 },
          "end": { "line": 138, "column": 25 }
        },
        "loc": {
          "start": { "line": 138, "column": 43 },
          "end": { "line": 199, "column": null }
        }
      },
      "3": {
        "name": "(anonymous_11)",
        "decl": {
          "start": { "line": 146, "column": 17 },
          "end": { "line": 146, "column": 23 }
        },
        "loc": {
          "start": { "line": 146, "column": 23 },
          "end": { "line": 146, "column": null }
        }
      },
      "4": {
        "name": "(anonymous_12)",
        "decl": {
          "start": { "line": 187, "column": 21 },
          "end": { "line": 187, "column": null }
        },
        "loc": {
          "start": { "line": 187, "column": 21 },
          "end": { "line": 190, "column": null }
        }
      }
    },
    "branchMap": {
      "0": {
        "loc": {
          "start": { "line": 19, "column": 2 },
          "end": { "line": 19, "column": 21 }
        },
        "type": "default-arg",
        "locations": [
          {
            "start": { "line": 19, "column": 13 },
            "end": { "line": 19, "column": 21 }
          }
        ]
      },
      "1": {
        "loc": {
          "start": { "line": 20, "column": 2 },
          "end": { "line": 20, "column": 14 }
        },
        "type": "default-arg",
        "locations": [
          {
            "start": { "line": 20, "column": 10 },
            "end": { "line": 20, "column": 14 }
          }
        ]
      },
      "2": {
        "loc": {
          "start": { "line": 21, "column": 2 },
          "end": { "line": 21, "column": 16 }
        },
        "type": "default-arg",
        "locations": [
          {
            "start": { "line": 21, "column": 14 },
            "end": { "line": 21, "column": 16 }
          }
        ]
      },
      "3": {
        "loc": {
          "start": { "line": 37, "column": 6 },
          "end": { "line": 39, "column": null }
        },
        "type": "if",
        "locations": [
          {
            "start": { "line": 37, "column": 6 },
            "end": { "line": 39, "column": null }
          }
        ]
      },
      "4": {
        "loc": {
          "start": { "line": 54, "column": 15 },
          "end": { "line": 54, "column": 65 }
        },
        "type": "binary-expr",
        "locations": [
          {
            "start": { "line": 54, "column": 15 },
            "end": { "line": 54, "column": 26 }
          },
          {
            "start": { "line": 54, "column": 30 },
            "end": { "line": 54, "column": 65 }
          }
        ]
      },
      "5": {
        "loc": {
          "start": { "line": 60, "column": 22 },
          "end": { "line": 60, "column": 62 }
        },
        "type": "binary-expr",
        "locations": [
          {
            "start": { "line": 60, "column": 22 },
            "end": { "line": 60, "column": 31 }
          },
          {
            "start": { "line": 60, "column": 31 },
            "end": { "line": 60, "column": 62 }
          }
        ]
      },
      "6": {
        "loc": {
          "start": { "line": 71, "column": 34 },
          "end": { "line": 71, "column": 83 }
        },
        "type": "binary-expr",
        "locations": [
          {
            "start": { "line": 71, "column": 34 },
            "end": { "line": 71, "column": 58 }
          },
          {
            "start": { "line": 71, "column": 62 },
            "end": { "line": 71, "column": 83 }
          }
        ]
      },
      "7": {
        "loc": {
          "start": { "line": 80, "column": 7 },
          "end": { "line": 80, "column": null }
        },
        "type": "binary-expr",
        "locations": [
          {
            "start": { "line": 80, "column": 7 },
            "end": { "line": 80, "column": null }
          }
        ]
      },
      "8": {
        "loc": {
          "start": { "line": 89, "column": 7 },
          "end": { "line": 89, "column": null }
        },
        "type": "binary-expr",
        "locations": [
          {
            "start": { "line": 89, "column": 7 },
            "end": { "line": 89, "column": null }
          }
        ]
      },
      "9": {
        "loc": {
          "start": { "line": 110, "column": 7 },
          "end": { "line": 110, "column": null }
        },
        "type": "binary-expr",
        "locations": [
          {
            "start": { "line": 110, "column": 7 },
            "end": { "line": 110, "column": null }
          }
        ]
      },
      "10": {
        "loc": {
          "start": { "line": 141, "column": 2 },
          "end": { "line": 141, "column": null }
        },
        "type": "if",
        "locations": [
          {
            "start": { "line": 141, "column": 2 },
            "end": { "line": 141, "column": null }
          }
        ]
      },
      "11": {
        "loc": {
          "start": { "line": 149, "column": 9 },
          "end": { "line": 149, "column": 24 }
        },
        "type": "binary-expr",
        "locations": [
          {
            "start": { "line": 149, "column": 9 },
            "end": { "line": 149, "column": 24 }
          }
        ]
      },
      "12": {
        "loc": {
          "start": { "line": 156, "column": 47 },
          "end": { "line": 156, "column": 70 }
        },
        "type": "binary-expr",
        "locations": [
          {
            "start": { "line": 156, "column": 47 },
            "end": { "line": 156, "column": 56 }
          },
          {
            "start": { "line": 156, "column": 60 },
            "end": { "line": 156, "column": 70 }
          }
        ]
      },
      "13": {
        "loc": {
          "start": { "line": 158, "column": 43 },
          "end": { "line": 158, "column": 81 }
        },
        "type": "cond-expr",
        "locations": [
          {
            "start": { "line": 158, "column": 52 },
            "end": { "line": 158, "column": 77 }
          },
          {
            "start": { "line": 158, "column": 77 },
            "end": { "line": 158, "column": 81 }
          }
        ]
      },
      "14": {
        "loc": {
          "start": { "line": 172, "column": 7 },
          "end": { "line": 172, "column": null }
        },
        "type": "binary-expr",
        "locations": [
          {
            "start": { "line": 172, "column": 7 },
            "end": { "line": 172, "column": null }
          }
        ]
      }
    },
    "s": {
      "0": 1,
      "1": 0,
      "2": 0,
      "3": 1,
      "4": 1,
      "5": 1,
      "6": 1,
      "7": 1,
      "8": 1,
      "9": 0,
      "10": 0,
      "11": 0,
      "12": 0,
      "13": 0,
      "14": 0,
      "15": 0,
      "16": 0,
      "17": 0,
      "18": 0,
      "19": 0,
      "20": 0,
      "21": 0,
      "22": 0,
      "23": 0,
      "24": 1,
      "25": 1,
      "26": 1,
      "27": 1,
      "28": 1,
      "29": 0,
      "30": 0,
      "31": 0,
      "32": 0,
      "33": 0,
      "34": 0,
      "35": 1
    },
    "f": { "0": 1, "1": 0, "2": 0, "3": 0, "4": 0 },
    "b": {
      "0": [0],
      "1": [0],
      "2": [0],
      "3": [0],
      "4": [0, 0],
      "5": [1, 0],
      "6": [1, 0],
      "7": [1],
      "8": [1],
      "9": [1],
      "10": [0],
      "11": [0],
      "12": [0, 0],
      "13": [0, 0],
      "14": [0]
    }
  },
  "C:\\Users\\mattm\\glad-labs-website\\web\\public-site\\components\\OptimizedImage.jsx": {
    "path": "C:\\Users\\mattm\\glad-labs-website\\web\\public-site\\components\\OptimizedImage.jsx",
    "statementMap": {
      "0": {
        "start": { "line": 15, "column": 24 },
        "end": { "line": 15, "column": 39 }
      },
      "1": {
        "start": { "line": 3, "column": 18 },
        "end": { "line": 3, "column": null }
      },
      "2": {
        "start": { "line": 4, "column": 25 },
        "end": { "line": 4, "column": null }
      },
      "3": {
        "start": { "line": 27, "column": 36 },
        "end": { "line": 27, "column": null }
      },
      "4": {
        "start": { "line": 28, "column": 34 },
        "end": { "line": 28, "column": null }
      },
      "5": {
        "start": { "line": 31, "column": 2 },
        "end": { "line": 35, "column": null }
      },
      "6": {
        "start": { "line": 32, "column": 4 },
        "end": { "line": 33, "column": null }
      },
      "7": {
        "start": { "line": 37, "column": 32 },
        "end": { "line": 39, "column": null }
      },
      "8": {
        "start": { "line": 38, "column": 4 },
        "end": { "line": 38, "column": null }
      },
      "9": {
        "start": { "line": 41, "column": 22 },
        "end": { "line": 46, "column": null }
      },
      "10": {
        "start": { "line": 42, "column": 4 },
        "end": { "line": 42, "column": null }
      },
      "11": {
        "start": { "line": 43, "column": 4 },
        "end": { "line": 45, "column": null }
      },
      "12": {
        "start": { "line": 44, "column": 6 },
        "end": { "line": 44, "column": null }
      },
      "13": {
        "start": { "line": 48, "column": 2 },
        "end": { "line": 72, "column": null }
      },
      "14": {
        "start": { "line": 74, "column": 21 },
        "end": { "line": 84, "column": null }
      },
      "15": {
        "start": { "line": 87, "column": 2 },
        "end": { "line": 101, "column": null }
      },
      "16": {
        "start": { "line": 116, "column": 20 },
        "end": { "line": 128, "column": 1 }
      }
    },
    "fnMap": {
      "0": {
        "name": "OptimizedImage",
        "decl": {
          "start": { "line": 15, "column": 24 },
          "end": { "line": 15, "column": 39 }
        },
        "loc": {
          "start": { "line": 26, "column": 1 },
          "end": { "line": 113, "column": null }
        }
      },
      "1": {
        "name": "(anonymous_3)",
        "decl": {
          "start": { "line": 37, "column": 32 },
          "end": { "line": 37, "column": null }
        },
        "loc": {
          "start": { "line": 37, "column": 32 },
          "end": { "line": 39, "column": null }
        }
      },
      "2": {
        "name": "(anonymous_4)",
        "decl": {
          "start": { "line": 41, "column": 22 },
          "end": { "line": 41, "column": 23 }
        },
        "loc": {
          "start": { "line": 41, "column": 23 },
          "end": { "line": 46, "column": null }
        }
      }
    },
    "branchMap": {
      "0": {
        "loc": {
          "start": { "line": 17, "column": 2 },
          "end": { "line": 17, "column": 15 }
        },
        "type": "default-arg",
        "locations": [
          {
            "start": { "line": 17, "column": 8 },
            "end": { "line": 17, "column": 15 }
          }
        ]
      },
      "1": {
        "loc": {
          "start": { "line": 18, "column": 2 },
          "end": { "line": 18, "column": 18 }
        },
        "type": "default-arg",
        "locations": [
          {
            "start": { "line": 18, "column": 13 },
            "end": { "line": 18, "column": 18 }
          }
        ]
      },
      "2": {
        "loc": {
          "start": { "line": 19, "column": 2 },
          "end": { "line": 19, "column": 14 }
        },
        "type": "default-arg",
        "locations": [
          {
            "start": { "line": 19, "column": 9 },
            "end": { "line": 19, "column": 14 }
          }
        ]
      },
      "3": {
        "loc": {
          "start": { "line": 20, "column": 2 },
          "end": { "line": 20, "column": 16 }
        },
        "type": "default-arg",
        "locations": [
          {
            "start": { "line": 20, "column": 14 },
            "end": { "line": 20, "column": 16 }
          }
        ]
      },
      "4": {
        "loc": {
          "start": { "line": 31, "column": 2 },
          "end": { "line": 35, "column": null }
        },
        "type": "if",
        "locations": [
          {
            "start": { "line": 31, "column": 2 },
            "end": { "line": 35, "column": null }
          }
        ]
      },
      "5": {
        "loc": {
          "start": { "line": 31, "column": 6 },
          "end": { "line": 31, "column": 33 }
        },
        "type": "binary-expr",
        "locations": [
          {
            "start": { "line": 31, "column": 6 },
            "end": { "line": 31, "column": 14 }
          },
          {
            "start": { "line": 31, "column": 14 },
            "end": { "line": 31, "column": 33 }
          }
        ]
      },
      "6": {
        "loc": {
          "start": { "line": 43, "column": 4 },
          "end": { "line": 45, "column": null }
        },
        "type": "if",
        "locations": [
          {
            "start": { "line": 43, "column": 4 },
            "end": { "line": 45, "column": null }
          }
        ]
      },
      "7": {
        "loc": {
          "start": { "line": 48, "column": 2 },
          "end": { "line": 72, "column": null }
        },
        "type": "if",
        "locations": [
          {
            "start": { "line": 48, "column": 2 },
            "end": { "line": 72, "column": null }
          }
        ]
      },
      "8": {
        "loc": {
          "start": { "line": 76, "column": 9 },
          "end": { "line": 76, "column": null }
        },
        "type": "binary-expr",
        "locations": [
          {
            "start": { "line": 76, "column": 9 },
            "end": { "line": 76, "column": 16 }
          },
          {
            "start": { "line": 76, "column": 16 },
            "end": { "line": 76, "column": null }
          }
        ]
      },
      "9": {
        "loc": {
          "start": { "line": 77, "column": 11 },
          "end": { "line": 77, "column": null }
        },
        "type": "binary-expr",
        "locations": [
          {
            "start": { "line": 77, "column": 11 },
            "end": { "line": 77, "column": 20 }
          },
          {
            "start": { "line": 77, "column": 20 },
            "end": { "line": 77, "column": null }
          }
        ]
      },
      "10": {
        "loc": {
          "start": { "line": 79, "column": 13 },
          "end": { "line": 79, "column": null }
        },
        "type": "cond-expr",
        "locations": [
          {
            "start": { "line": 79, "column": 24 },
            "end": { "line": 79, "column": 34 }
          },
          {
            "start": { "line": 79, "column": 34 },
            "end": { "line": 79, "column": null }
          }
        ]
      },
      "11": {
        "loc": {
          "start": { "line": 82, "column": 31 },
          "end": { "line": 82, "column": 64 }
        },
        "type": "cond-expr",
        "locations": [
          {
            "start": { "line": 82, "column": 43 },
            "end": { "line": 82, "column": 55 }
          },
          {
            "start": { "line": 82, "column": 55 },
            "end": { "line": 82, "column": 64 }
          }
        ]
      },
      "12": {
        "loc": {
          "start": { "line": 87, "column": 2 },
          "end": { "line": 101, "column": null }
        },
        "type": "if",
        "locations": [
          {
            "start": { "line": 87, "column": 2 },
            "end": { "line": 101, "column": null }
          }
        ]
      },
      "13": {
        "loc": {
          "start": { "line": 94, "column": 10 },
          "end": { "line": 94, "column": null }
        },
        "type": "binary-expr",
        "locations": [
          {
            "start": { "line": 94, "column": 10 },
            "end": { "line": 94, "column": 19 }
          },
          {
            "start": { "line": 94, "column": 19 },
            "end": { "line": 94, "column": null }
          }
        ]
      },
      "14": {
        "loc": {
          "start": { "line": 96, "column": 21 },
          "end": { "line": 96, "column": null }
        },
        "type": "cond-expr",
        "locations": [
          {
            "start": { "line": 96, "column": 35 },
            "end": { "line": 96, "column": 44 }
          },
          {
            "start": { "line": 96, "column": 44 },
            "end": { "line": 96, "column": null }
          }
        ]
      },
      "15": {
        "loc": {
          "start": { "line": 108, "column": 19 },
          "end": { "line": 108, "column": null }
        },
        "type": "cond-expr",
        "locations": [
          {
            "start": { "line": 108, "column": 33 },
            "end": { "line": 108, "column": 42 }
          },
          {
            "start": { "line": 108, "column": 42 },
            "end": { "line": 108, "column": null }
          }
        ]
      }
    },
    "s": {
      "0": 0,
      "1": 2,
      "2": 2,
      "3": 0,
      "4": 0,
      "5": 0,
      "6": 0,
      "7": 0,
      "8": 0,
      "9": 0,
      "10": 0,
      "11": 0,
      "12": 0,
      "13": 0,
      "14": 0,
      "15": 0,
      "16": 2
    },
    "f": { "0": 0, "1": 0, "2": 0 },
    "b": {
      "0": [0],
      "1": [0],
      "2": [0],
      "3": [0],
      "4": [0],
      "5": [0, 0],
      "6": [0],
      "7": [0],
      "8": [0, 0],
      "9": [0, 0],
      "10": [0, 0],
      "11": [0, 0],
      "12": [0],
      "13": [0, 0],
      "14": [0, 0],
      "15": [0, 0]
    }
  },
  "C:\\Users\\mattm\\glad-labs-website\\web\\public-site\\components\\Pagination.js": {
    "path": "C:\\Users\\mattm\\glad-labs-website\\web\\public-site\\components\\Pagination.js",
    "statementMap": {
      "0": {
        "start": { "line": 3, "column": 24 },
        "end": { "line": 3, "column": 35 }
      },
      "1": {
        "start": { "line": 1, "column": 17 },
        "end": { "line": 1, "column": null }
      },
      "2": {
        "start": { "line": 4, "column": 30 },
        "end": { "line": 4, "column": null }
      },
      "3": {
        "start": { "line": 6, "column": 2 },
        "end": { "line": 6, "column": null }
      },
      "4": {
        "start": { "line": 6, "column": 22 },
        "end": { "line": 6, "column": null }
      },
      "5": {
        "start": { "line": 8, "column": 16 },
        "end": { "line": 8, "column": null }
      },
      "6": {
        "start": { "line": 8, "column": 60 },
        "end": { "line": 8, "column": null }
      },
      "7": {
        "start": { "line": 9, "column": 19 },
        "end": { "line": 9, "column": null }
      },
      "8": {
        "start": { "line": 10, "column": 19 },
        "end": { "line": 10, "column": null }
      },
      "9": {
        "start": { "line": 53, "column": 10 },
        "end": { "line": 53, "column": 22 }
      }
    },
    "fnMap": {
      "0": {
        "name": "Pagination",
        "decl": {
          "start": { "line": 3, "column": 24 },
          "end": { "line": 3, "column": 35 }
        },
        "loc": {
          "start": { "line": 3, "column": 72 },
          "end": { "line": 109, "column": null }
        }
      },
      "1": {
        "name": "(anonymous_3)",
        "decl": {
          "start": { "line": 8, "column": 50 },
          "end": { "line": 8, "column": 51 }
        },
        "loc": {
          "start": { "line": 8, "column": 60 },
          "end": { "line": 8, "column": null }
        }
      },
      "2": {
        "name": "(anonymous_4)",
        "decl": {
          "start": { "line": 52, "column": 19 },
          "end": { "line": 52, "column": 20 }
        },
        "loc": {
          "start": { "line": 53, "column": 10 },
          "end": { "line": 53, "column": 22 }
        }
      }
    },
    "branchMap": {
      "0": {
        "loc": {
          "start": { "line": 3, "column": 49 },
          "end": { "line": 3, "column": 70 }
        },
        "type": "default-arg",
        "locations": [
          {
            "start": { "line": 3, "column": 60 },
            "end": { "line": 3, "column": 70 }
          }
        ]
      },
      "1": {
        "loc": {
          "start": { "line": 6, "column": 2 },
          "end": { "line": 6, "column": null }
        },
        "type": "if",
        "locations": [
          {
            "start": { "line": 6, "column": 2 },
            "end": { "line": 6, "column": null }
          }
        ]
      },
      "2": {
        "loc": {
          "start": { "line": 9, "column": 19 },
          "end": { "line": 9, "column": null }
        },
        "type": "cond-expr",
        "locations": [
          {
            "start": { "line": 9, "column": 30 },
            "end": { "line": 9, "column": 41 }
          },
          {
            "start": { "line": 9, "column": 41 },
            "end": { "line": 9, "column": null }
          }
        ]
      },
      "3": {
        "loc": {
          "start": { "line": 10, "column": 19 },
          "end": { "line": 10, "column": null }
        },
        "type": "cond-expr",
        "locations": [
          {
            "start": { "line": 10, "column": 38 },
            "end": { "line": 10, "column": 49 }
          },
          {
            "start": { "line": 10, "column": 49 },
            "end": { "line": 10, "column": null }
          }
        ]
      },
      "4": {
        "loc": {
          "start": { "line": 24, "column": 9 },
          "end": { "line": 24, "column": null }
        },
        "type": "binary-expr",
        "locations": [
          {
            "start": { "line": 24, "column": 9 },
            "end": { "line": 24, "column": null }
          }
        ]
      },
      "5": {
        "loc": {
          "start": { "line": 55, "column": 14 },
          "end": { "line": 63, "column": 15 }
        },
        "type": "cond-expr",
        "locations": [
          {
            "start": { "line": 55, "column": 14 },
            "end": { "line": 63, "column": 15 }
          }
        ]
      },
      "6": {
        "loc": {
          "start": { "line": 75, "column": 9 },
          "end": { "line": 75, "column": null }
        },
        "type": "binary-expr",
        "locations": [
          {
            "start": { "line": 75, "column": 9 },
            "end": { "line": 75, "column": null }
          }
        ]
      }
    },
    "s": {
      "0": 3,
      "1": 1,
      "2": 3,
      "3": 3,
      "4": 1,
      "5": 2,
      "6": 10,
      "7": 2,
      "8": 2,
      "9": 10
    },
    "f": { "0": 3, "1": 10, "2": 10 },
    "b": {
      "0": [0],
      "1": [1],
      "2": [1, 1],
      "3": [2, 0],
      "4": [2],
      "5": [2],
      "6": [2]
    }
  },
  "C:\\Users\\mattm\\glad-labs-website\\web\\public-site\\components\\PostCard.js": {
    "path": "C:\\Users\\mattm\\glad-labs-website\\web\\public-site\\components\\PostCard.js",
    "statementMap": {
      "0": {
        "start": { "line": 165, "column": 0 },
        "end": { "line": 165, "column": 15 }
      },
      "1": {
        "start": { "line": 1, "column": 17 },
        "end": { "line": 1, "column": null }
      },
      "2": {
        "start": { "line": 2, "column": 29 },
        "end": { "line": 2, "column": null }
      },
      "3": {
        "start": { "line": 3, "column": 27 },
        "end": { "line": 3, "column": null }
      },
      "4": {
        "start": { "line": 5, "column": 23 },
        "end": { "line": 9, "column": null }
      },
      "5": {
        "start": { "line": 6, "column": 2 },
        "end": { "line": 6, "column": null }
      },
      "6": {
        "start": { "line": 6, "column": 14 },
        "end": { "line": 6, "column": null }
      },
      "7": {
        "start": { "line": 7, "column": 12 },
        "end": { "line": 7, "column": null }
      },
      "8": {
        "start": { "line": 8, "column": 2 },
        "end": { "line": 8, "column": null }
      },
      "9": {
        "start": { "line": 11, "column": 17 },
        "end": { "line": 163, "column": null }
      },
      "10": {
        "start": { "line": 22, "column": 6 },
        "end": { "line": 22, "column": null }
      },
      "11": {
        "start": { "line": 23, "column": 19 },
        "end": { "line": 25, "column": null }
      },
      "12": {
        "start": { "line": 27, "column": 15 },
        "end": { "line": 27, "column": null }
      },
      "13": {
        "start": { "line": 28, "column": 22 },
        "end": { "line": 28, "column": null }
      },
      "14": {
        "start": { "line": 29, "column": 22 },
        "end": { "line": 29, "column": null }
      },
      "15": {
        "start": { "line": 31, "column": 4 },
        "end": { "line": 33, "column": 46 }
      },
      "16": {
        "start": { "line": 116, "column": 14 },
        "end": { "line": 117, "column": null }
      },
      "17": {
        "start": { "line": 165, "column": 15 },
        "end": { "line": 165, "column": null }
      }
    },
    "fnMap": {
      "0": {
        "name": "(anonymous_2)",
        "decl": {
          "start": { "line": 5, "column": 23 },
          "end": { "line": 5, "column": 24 }
        },
        "loc": {
          "start": { "line": 5, "column": 24 },
          "end": { "line": 9, "column": null }
        }
      },
      "1": {
        "name": "(anonymous_3)",
        "decl": {
          "start": { "line": 11, "column": 17 },
          "end": { "line": 11, "column": 18 }
        },
        "loc": {
          "start": { "line": 11, "column": 26 },
          "end": { "line": 163, "column": null }
        }
      },
      "2": {
        "name": "(anonymous_4)",
        "decl": {
          "start": { "line": 115, "column": 39 },
          "end": { "line": 115, "column": 40 }
        },
        "loc": {
          "start": { "line": 116, "column": 14 },
          "end": { "line": 117, "column": null }
        }
      }
    },
    "branchMap": {
      "0": {
        "loc": {
          "start": { "line": 6, "column": 2 },
          "end": { "line": 6, "column": null }
        },
        "type": "if",
        "locations": [
          {
            "start": { "line": 6, "column": 2 },
            "end": { "line": 6, "column": null }
          }
        ]
      },
      "1": {
        "loc": {
          "start": { "line": 8, "column": 9 },
          "end": { "line": 8, "column": null }
        },
        "type": "cond-expr",
        "locations": [
          {
            "start": { "line": 8, "column": 30 },
            "end": { "line": 8, "column": 35 }
          },
          {
            "start": { "line": 8, "column": 35 },
            "end": { "line": 8, "column": null }
          }
        ]
      },
      "2": {
        "loc": {
          "start": { "line": 23, "column": 19 },
          "end": { "line": 25, "column": null }
        },
        "type": "cond-expr",
        "locations": [
          {
            "start": { "line": 24, "column": 6 },
            "end": { "line": 24, "column": null }
          },
          {
            "start": { "line": 25, "column": 6 },
            "end": { "line": 25, "column": null }
          }
        ]
      },
      "3": {
        "loc": {
          "start": { "line": 27, "column": 15 },
          "end": { "line": 27, "column": null }
        },
        "type": "cond-expr",
        "locations": [
          {
            "start": { "line": 27, "column": 22 },
            "end": { "line": 27, "column": 38 }
          },
          {
            "start": { "line": 27, "column": 41 },
            "end": { "line": 27, "column": null }
          }
        ]
      },
      "4": {
        "loc": {
          "start": { "line": 29, "column": 37 },
          "end": { "line": 29, "column": null }
        },
        "type": "binary-expr",
        "locations": [
          {
            "start": { "line": 29, "column": 37 },
            "end": { "line": 29, "column": 45 }
          },
          {
            "start": { "line": 29, "column": 45 },
            "end": { "line": 29, "column": null }
          }
        ]
      },
      "5": {
        "loc": {
          "start": { "line": 31, "column": 4 },
          "end": { "line": 33, "column": 46 }
        },
        "type": "cond-expr",
        "locations": [
          {
            "start": { "line": 32, "column": 8 },
            "end": { "line": 32, "column": 65 }
          },
          {
            "start": { "line": 33, "column": 8 },
            "end": { "line": 33, "column": 46 }
          }
        ]
      },
      "6": {
        "loc": {
          "start": { "line": 31, "column": 4 },
          "end": { "line": 31, "column": null }
        },
        "type": "binary-expr",
        "locations": [
          {
            "start": { "line": 31, "column": 4 },
            "end": { "line": 31, "column": 12 }
          },
          {
            "start": { "line": 31, "column": 12 },
            "end": { "line": 31, "column": null }
          }
        ]
      },
      "7": {
        "loc": {
          "start": { "line": 32, "column": 17 },
          "end": { "line": 32, "column": 38 }
        },
        "type": "binary-expr",
        "locations": [
          {
            "start": { "line": 32, "column": 17 },
            "end": { "line": 32, "column": 25 }
          },
          {
            "start": { "line": 32, "column": 25 },
            "end": { "line": 32, "column": 38 }
          }
        ]
      },
      "8": {
        "loc": {
          "start": { "line": 41, "column": 7 },
          "end": { "line": 41, "column": null }
        },
        "type": "binary-expr",
        "locations": [
          {
            "start": { "line": 41, "column": 7 },
            "end": { "line": 41, "column": null }
          }
        ]
      },
      "9": {
        "loc": {
          "start": { "line": 46, "column": 14 },
          "end": { "line": 47, "column": 40 }
        },
        "type": "binary-expr",
        "locations": [
          {
            "start": { "line": 46, "column": 14 },
            "end": { "line": 46, "column": null }
          },
          {
            "start": { "line": 47, "column": 14 },
            "end": { "line": 47, "column": 40 }
          }
        ]
      },
      "10": {
        "loc": {
          "start": { "line": 59, "column": 9 },
          "end": { "line": 59, "column": null }
        },
        "type": "binary-expr",
        "locations": [
          {
            "start": { "line": 59, "column": 9 },
            "end": { "line": 59, "column": null }
          }
        ]
      },
      "11": {
        "loc": {
          "start": { "line": 80, "column": 22 },
          "end": { "line": 80, "column": null }
        },
        "type": "cond-expr",
        "locations": [
          {
            "start": { "line": 80, "column": 36 },
            "end": { "line": 80, "column": 40 }
          },
          {
            "start": { "line": 80, "column": 40 },
            "end": { "line": 80, "column": null }
          }
        ]
      },
      "12": {
        "loc": {
          "start": { "line": 112, "column": 9 },
          "end": { "line": 112, "column": 38 }
        },
        "type": "binary-expr",
        "locations": [
          {
            "start": { "line": 112, "column": 9 },
            "end": { "line": 112, "column": 38 }
          },
          {
            "start": { "line": 112, "column": 38 },
            "end": { "line": 112, "column": null }
          }
        ]
      },
      "13": {
        "loc": {
          "start": { "line": 125, "column": 13 },
          "end": { "line": 125, "column": null }
        },
        "type": "binary-expr",
        "locations": [
          {
            "start": { "line": 125, "column": 13 },
            "end": { "line": 125, "column": null }
          }
        ]
      }
    },
    "s": {
      "0": 2,
      "1": 1,
      "2": 1,
      "3": 1,
      "4": 1,
      "5": 2,
      "6": 0,
      "7": 2,
      "8": 2,
      "9": 1,
      "10": 2,
      "11": 2,
      "12": 2,
      "13": 2,
      "14": 2,
      "15": 2,
      "16": 0,
      "17": 1
    },
    "f": { "0": 2, "1": 2, "2": 0 },
    "b": {
      "0": [0],
      "1": [0, 2],
      "2": [0, 2],
      "3": [2, 0],
      "4": [2, 2],
      "5": [2, 0],
      "6": [2, 2],
      "7": [2, 2],
      "8": [2],
      "9": [0, 0],
      "10": [2],
      "11": [2, 0],
      "12": [2, 0],
      "13": [0]
    }
  },
  "C:\\Users\\mattm\\glad-labs-website\\web\\public-site\\components\\PostList.js": {
    "path": "C:\\Users\\mattm\\glad-labs-website\\web\\public-site\\components\\PostList.js",
    "statementMap": {
      "0": {
        "start": { "line": 136, "column": 0 },
        "end": { "line": 136, "column": 15 }
      },
      "1": {
        "start": { "line": 9, "column": 17 },
        "end": { "line": 9, "column": null }
      },
      "2": {
        "start": { "line": 19, "column": 17 },
        "end": { "line": 134, "column": null }
      },
      "3": {
        "start": { "line": 21, "column": 2 },
        "end": { "line": 29, "column": null }
      },
      "4": {
        "start": { "line": 39, "column": 26 },
        "end": { "line": 39, "column": null }
      },
      "5": {
        "start": { "line": 42, "column": 12 },
        "end": { "line": 51, "column": null }
      },
      "6": {
        "start": { "line": 54, "column": 12 },
        "end": { "line": 58, "column": null }
      },
      "7": {
        "start": { "line": 60, "column": 10 },
        "end": { "line": 62, "column": null }
      },
      "8": {
        "start": { "line": 136, "column": 15 },
        "end": { "line": 136, "column": null }
      }
    },
    "fnMap": {
      "0": {
        "name": "(anonymous_2)",
        "decl": {
          "start": { "line": 19, "column": 17 },
          "end": { "line": 19, "column": 18 }
        },
        "loc": {
          "start": { "line": 19, "column": 27 },
          "end": { "line": 134, "column": null }
        }
      },
      "1": {
        "name": "(anonymous_3)",
        "decl": {
          "start": { "line": 39, "column": 16 },
          "end": { "line": 39, "column": 17 }
        },
        "loc": {
          "start": { "line": 39, "column": 26 },
          "end": { "line": 39, "column": null }
        }
      },
      "2": {
        "name": "(anonymous_4)",
        "decl": {
          "start": { "line": 40, "column": 13 },
          "end": { "line": 40, "column": 14 }
        },
        "loc": {
          "start": { "line": 40, "column": 20 },
          "end": { "line": 131, "column": null }
        }
      }
    },
    "branchMap": {
      "0": {
        "loc": {
          "start": { "line": 21, "column": 2 },
          "end": { "line": 29, "column": null }
        },
        "type": "if",
        "locations": [
          {
            "start": { "line": 21, "column": 2 },
            "end": { "line": 29, "column": null }
          }
        ]
      },
      "1": {
        "loc": {
          "start": { "line": 21, "column": 6 },
          "end": { "line": 21, "column": 36 }
        },
        "type": "binary-expr",
        "locations": [
          {
            "start": { "line": 21, "column": 6 },
            "end": { "line": 21, "column": 16 }
          },
          {
            "start": { "line": 21, "column": 16 },
            "end": { "line": 21, "column": 36 }
          }
        ]
      },
      "2": {
        "loc": {
          "start": { "line": 42, "column": 12 },
          "end": { "line": 51, "column": null }
        },
        "type": "cond-expr",
        "locations": [
          {
            "start": { "line": 43, "column": 16 },
            "end": { "line": 49, "column": null }
          },
          {
            "start": { "line": 51, "column": 16 },
            "end": { "line": 51, "column": null }
          }
        ]
      },
      "3": {
        "loc": {
          "start": { "line": 42, "column": 12 },
          "end": { "line": 42, "column": 41 }
        },
        "type": "binary-expr",
        "locations": [
          {
            "start": { "line": 42, "column": 12 },
            "end": { "line": 42, "column": 28 }
          },
          {
            "start": { "line": 42, "column": 32 },
            "end": { "line": 42, "column": 41 }
          }
        ]
      },
      "4": {
        "loc": {
          "start": { "line": 43, "column": 25 },
          "end": { "line": 43, "column": 54 }
        },
        "type": "binary-expr",
        "locations": [
          {
            "start": { "line": 43, "column": 25 },
            "end": { "line": 43, "column": 34 }
          },
          {
            "start": { "line": 43, "column": 38 },
            "end": { "line": 43, "column": 54 }
          }
        ]
      },
      "5": {
        "loc": {
          "start": { "line": 54, "column": 12 },
          "end": { "line": 58, "column": null }
        },
        "type": "cond-expr",
        "locations": [
          {
            "start": { "line": 55, "column": 16 },
            "end": { "line": 57, "column": 32 }
          },
          {
            "start": { "line": 58, "column": 16 },
            "end": { "line": 58, "column": null }
          }
        ]
      },
      "6": {
        "loc": {
          "start": { "line": 54, "column": 12 },
          "end": { "line": 54, "column": 41 }
        },
        "type": "binary-expr",
        "locations": [
          {
            "start": { "line": 54, "column": 12 },
            "end": { "line": 54, "column": 28 }
          },
          {
            "start": { "line": 54, "column": 32 },
            "end": { "line": 54, "column": 41 }
          }
        ]
      },
      "7": {
        "loc": {
          "start": { "line": 55, "column": 25 },
          "end": { "line": 55, "column": 54 }
        },
        "type": "binary-expr",
        "locations": [
          {
            "start": { "line": 55, "column": 25 },
            "end": { "line": 55, "column": 34 }
          },
          {
            "start": { "line": 55, "column": 38 },
            "end": { "line": 55, "column": 54 }
          }
        ]
      }
    },
    "s": {
      "0": 1,
      "1": 1,
      "2": 1,
      "3": 1,
      "4": 2,
      "5": 2,
      "6": 2,
      "7": 2,
      "8": 1
    },
    "f": { "0": 1, "1": 2, "2": 2 },
    "b": {
      "0": [0],
      "1": [1, 1],
      "2": [2, 0],
      "3": [2, 0],
      "4": [2, 2],
      "5": [2, 0],
      "6": [2, 0],
      "7": [2, 2]
    }
  },
  "C:\\Users\\mattm\\glad-labs-website\\web\\public-site\\components\\SearchBar.jsx": {
    "path": "C:\\Users\\mattm\\glad-labs-website\\web\\public-site\\components\\SearchBar.jsx",
    "statementMap": {
      "0": {
        "start": { "line": 9, "column": 24 },
        "end": { "line": 9, "column": null }
      },
      "1": {
        "start": { "line": 3, "column": 44 },
        "end": { "line": 3, "column": null }
      },
      "2": {
        "start": { "line": 4, "column": 17 },
        "end": { "line": 4, "column": null }
      },
      "3": {
        "start": { "line": 5, "column": 37 },
        "end": { "line": 5, "column": null }
      },
      "4": {
        "start": { "line": 6, "column": 27 },
        "end": { "line": 6, "column": null }
      },
      "5": {
        "start": { "line": 7, "column": 29 },
        "end": { "line": 7, "column": null }
      },
      "6": {
        "start": { "line": 10, "column": 28 },
        "end": { "line": 10, "column": null }
      },
      "7": {
        "start": { "line": 11, "column": 40 },
        "end": { "line": 11, "column": null }
      },
      "8": {
        "start": { "line": 12, "column": 30 },
        "end": { "line": 12, "column": null }
      },
      "9": {
        "start": { "line": 13, "column": 36 },
        "end": { "line": 13, "column": null }
      },
      "10": {
        "start": { "line": 14, "column": 44 },
        "end": { "line": 14, "column": null }
      },
      "11": {
        "start": { "line": 15, "column": 21 },
        "end": { "line": 15, "column": null }
      },
      "12": {
        "start": { "line": 16, "column": 19 },
        "end": { "line": 16, "column": null }
      },
      "13": {
        "start": { "line": 19, "column": 2 },
        "end": { "line": 41, "column": null }
      },
      "14": {
        "start": { "line": 20, "column": 18 },
        "end": { "line": 38, "column": 13 }
      },
      "15": {
        "start": { "line": 21, "column": 6 },
        "end": { "line": 37, "column": null }
      },
      "16": {
        "start": { "line": 22, "column": 8 },
        "end": { "line": 22, "column": null }
      },
      "17": {
        "start": { "line": 23, "column": 8 },
        "end": { "line": 33, "column": null }
      },
      "18": {
        "start": { "line": 24, "column": 26 },
        "end": { "line": 24, "column": null }
      },
      "19": {
        "start": { "line": 25, "column": 10 },
        "end": { "line": 25, "column": null }
      },
      "20": {
        "start": { "line": 26, "column": 10 },
        "end": { "line": 26, "column": null }
      },
      "21": {
        "start": { "line": 27, "column": 10 },
        "end": { "line": 27, "column": null }
      },
      "22": {
        "start": { "line": 29, "column": 10 },
        "end": { "line": 29, "column": null }
      },
      "23": {
        "start": { "line": 30, "column": 10 },
        "end": { "line": 30, "column": null }
      },
      "24": {
        "start": { "line": 32, "column": 10 },
        "end": { "line": 32, "column": null }
      },
      "25": {
        "start": { "line": 35, "column": 8 },
        "end": { "line": 35, "column": null }
      },
      "26": {
        "start": { "line": 36, "column": 8 },
        "end": { "line": 36, "column": null }
      },
      "27": {
        "start": { "line": 40, "column": 4 },
        "end": { "line": 40, "column": null }
      },
      "28": {
        "start": { "line": 40, "column": 17 },
        "end": { "line": 40, "column": null }
      },
      "29": {
        "start": { "line": 44, "column": 2 },
        "end": { "line": 53, "column": null }
      },
      "30": {
        "start": { "line": 46, "column": 6 },
        "end": { "line": 48, "column": null }
      },
      "31": {
        "start": { "line": 47, "column": 8 },
        "end": { "line": 47, "column": null }
      },
      "32": {
        "start": { "line": 51, "column": 4 },
        "end": { "line": 51, "column": null }
      },
      "33": {
        "start": { "line": 52, "column": 4 },
        "end": { "line": 52, "column": null }
      },
      "34": {
        "start": { "line": 52, "column": 17 },
        "end": { "line": 52, "column": null }
      },
      "35": {
        "start": { "line": 56, "column": 24 },
        "end": { "line": 84, "column": null }
      },
      "36": {
        "start": { "line": 57, "column": 4 },
        "end": { "line": 83, "column": null }
      },
      "37": {
        "start": { "line": 59, "column": 8 },
        "end": { "line": 59, "column": null }
      },
      "38": {
        "start": { "line": 60, "column": 8 },
        "end": { "line": 61, "column": null }
      },
      "39": {
        "start": { "line": 61, "column": 10 },
        "end": { "line": 61, "column": null }
      },
      "40": {
        "start": { "line": 63, "column": 8 },
        "end": { "line": 63, "column": null }
      },
      "41": {
        "start": { "line": 65, "column": 8 },
        "end": { "line": 65, "column": null }
      },
      "42": {
        "start": { "line": 66, "column": 8 },
        "end": { "line": 66, "column": null }
      },
      "43": {
        "start": { "line": 66, "column": 36 },
        "end": { "line": 66, "column": null }
      },
      "44": {
        "start": { "line": 67, "column": 8 },
        "end": { "line": 67, "column": null }
      },
      "45": {
        "start": { "line": 69, "column": 8 },
        "end": { "line": 69, "column": null }
      },
      "46": {
        "start": { "line": 70, "column": 8 },
        "end": { "line": 76, "column": null }
      },
      "47": {
        "start": { "line": 71, "column": 29 },
        "end": { "line": 71, "column": 55 }
      },
      "48": {
        "start": { "line": 72, "column": 10 },
        "end": { "line": 72, "column": null }
      },
      "49": {
        "start": { "line": 73, "column": 15 },
        "end": { "line": 76, "column": null }
      },
      "50": {
        "start": { "line": 75, "column": 10 },
        "end": { "line": 75, "column": null }
      },
      "51": {
        "start": { "line": 77, "column": 8 },
        "end": { "line": 77, "column": null }
      },
      "52": {
        "start": { "line": 79, "column": 8 },
        "end": { "line": 79, "column": null }
      },
      "53": {
        "start": { "line": 80, "column": 8 },
        "end": { "line": 80, "column": null }
      },
      "54": {
        "start": { "line": 82, "column": 8 },
        "end": { "line": 82, "column": null }
      },
      "55": {
        "start": { "line": 86, "column": 23 },
        "end": { "line": 91, "column": null }
      },
      "56": {
        "start": { "line": 87, "column": 4 },
        "end": { "line": 87, "column": null }
      },
      "57": {
        "start": { "line": 88, "column": 4 },
        "end": { "line": 90, "column": null }
      },
      "58": {
        "start": { "line": 89, "column": 6 },
        "end": { "line": 89, "column": null }
      },
      "59": {
        "start": { "line": 115, "column": 31 },
        "end": { "line": 115, "column": null }
      },
      "60": {
        "start": { "line": 117, "column": 29 },
        "end": { "line": 117, "column": null }
      },
      "61": {
        "start": { "line": 171, "column": 12 },
        "end": { "line": 172, "column": null }
      },
      "62": {
        "start": { "line": 180, "column": 34 },
        "end": { "line": 180, "column": null }
      }
    },
    "fnMap": {
      "0": {
        "name": "SearchBar",
        "decl": {
          "start": { "line": 9, "column": 24 },
          "end": { "line": 9, "column": null }
        },
        "loc": {
          "start": { "line": 9, "column": 24 },
          "end": { "line": 240, "column": null }
        }
      },
      "1": {
        "name": "(anonymous_3)",
        "decl": {
          "start": { "line": 19, "column": 12 },
          "end": { "line": 19, "column": null }
        },
        "loc": {
          "start": { "line": 19, "column": 12 },
          "end": { "line": 41, "column": 5 }
        }
      },
      "2": {
        "name": "(anonymous_4)",
        "decl": {
          "start": { "line": 20, "column": 29 },
          "end": { "line": 20, "column": null }
        },
        "loc": {
          "start": { "line": 20, "column": 29 },
          "end": { "line": 38, "column": 7 }
        }
      },
      "3": {
        "name": "(anonymous_5)",
        "decl": {
          "start": { "line": 40, "column": 11 },
          "end": { "line": 40, "column": 17 }
        },
        "loc": {
          "start": { "line": 40, "column": 17 },
          "end": { "line": 40, "column": null }
        }
      },
      "4": {
        "name": "(anonymous_6)",
        "decl": {
          "start": { "line": 44, "column": 12 },
          "end": { "line": 44, "column": null }
        },
        "loc": {
          "start": { "line": 44, "column": 12 },
          "end": { "line": 53, "column": 5 }
        }
      },
      "5": {
        "name": "handleClickOutside",
        "decl": {
          "start": { "line": 45, "column": 13 },
          "end": { "line": 45, "column": 32 }
        },
        "loc": {
          "start": { "line": 45, "column": 37 },
          "end": { "line": 49, "column": null }
        }
      },
      "6": {
        "name": "(anonymous_8)",
        "decl": {
          "start": { "line": 52, "column": 11 },
          "end": { "line": 52, "column": 17 }
        },
        "loc": {
          "start": { "line": 52, "column": 17 },
          "end": { "line": 52, "column": null }
        }
      },
      "7": {
        "name": "(anonymous_9)",
        "decl": {
          "start": { "line": 56, "column": 24 },
          "end": { "line": 56, "column": 25 }
        },
        "loc": {
          "start": { "line": 56, "column": 25 },
          "end": { "line": 84, "column": null }
        }
      },
      "8": {
        "name": "(anonymous_10)",
        "decl": {
          "start": { "line": 60, "column": 25 },
          "end": { "line": 60, "column": 26 }
        },
        "loc": {
          "start": { "line": 61, "column": 10 },
          "end": { "line": 61, "column": null }
        }
      },
      "9": {
        "name": "(anonymous_11)",
        "decl": {
          "start": { "line": 66, "column": 25 },
          "end": { "line": 66, "column": 26 }
        },
        "loc": {
          "start": { "line": 66, "column": 36 },
          "end": { "line": 66, "column": null }
        }
      },
      "10": {
        "name": "(anonymous_12)",
        "decl": {
          "start": { "line": 86, "column": 23 },
          "end": { "line": 86, "column": 24 }
        },
        "loc": {
          "start": { "line": 86, "column": 24 },
          "end": { "line": 91, "column": null }
        }
      },
      "11": {
        "name": "(anonymous_13)",
        "decl": {
          "start": { "line": 115, "column": 24 },
          "end": { "line": 115, "column": 25 }
        },
        "loc": {
          "start": { "line": 115, "column": 31 },
          "end": { "line": 115, "column": null }
        }
      },
      "12": {
        "name": "(anonymous_14)",
        "decl": {
          "start": { "line": 117, "column": 23 },
          "end": { "line": 117, "column": 29 }
        },
        "loc": {
          "start": { "line": 117, "column": 29 },
          "end": { "line": 117, "column": null }
        }
      },
      "13": {
        "name": "(anonymous_15)",
        "decl": {
          "start": { "line": 170, "column": 27 },
          "end": { "line": 170, "column": 28 }
        },
        "loc": {
          "start": { "line": 171, "column": 12 },
          "end": { "line": 172, "column": null }
        }
      },
      "14": {
        "name": "(anonymous_16)",
        "decl": {
          "start": { "line": 180, "column": 28 },
          "end": { "line": 180, "column": 34 }
        },
        "loc": {
          "start": { "line": 180, "column": 34 },
          "end": { "line": 180, "column": null }
        }
      }
    },
    "branchMap": {
      "0": {
        "loc": {
          "start": { "line": 21, "column": 6 },
          "end": { "line": 37, "column": null }
        },
        "type": "if",
        "locations": [
          {
            "start": { "line": 21, "column": 6 },
            "end": { "line": 37, "column": null }
          },
          {
            "start": { "line": 34, "column": 13 },
            "end": { "line": 37, "column": null }
          }
        ]
      },
      "1": {
        "loc": {
          "start": { "line": 46, "column": 6 },
          "end": { "line": 48, "column": null }
        },
        "type": "if",
        "locations": [
          {
            "start": { "line": 46, "column": 6 },
            "end": { "line": 48, "column": null }
          }
        ]
      },
      "2": {
        "loc": {
          "start": { "line": 46, "column": 10 },
          "end": { "line": 46, "column": 76 }
        },
        "type": "binary-expr",
        "locations": [
          {
            "start": { "line": 46, "column": 10 },
            "end": { "line": 46, "column": 28 }
          },
          {
            "start": { "line": 46, "column": 32 },
            "end": { "line": 46, "column": 76 }
          }
        ]
      },
      "3": {
        "loc": {
          "start": { "line": 57, "column": 4 },
          "end": { "line": 83, "column": null }
        },
        "type": "switch",
        "locations": [
          {
            "start": { "line": 58, "column": 6 },
            "end": { "line": 63, "column": null }
          },
          {
            "start": { "line": 64, "column": 6 },
            "end": { "line": 67, "column": null }
          },
          {
            "start": { "line": 68, "column": 6 },
            "end": { "line": 77, "column": null }
          },
          {
            "start": { "line": 78, "column": 6 },
            "end": { "line": 80, "column": null }
          },
          {
            "start": { "line": 81, "column": 6 },
            "end": { "line": 82, "column": null }
          }
        ]
      },
      "4": {
        "loc": {
          "start": { "line": 61, "column": 10 },
          "end": { "line": 61, "column": null }
        },
        "type": "cond-expr",
        "locations": [
          {
            "start": { "line": 61, "column": 42 },
            "end": { "line": 61, "column": 53 }
          },
          {
            "start": { "line": 61, "column": 53 },
            "end": { "line": 61, "column": null }
          }
        ]
      },
      "5": {
        "loc": {
          "start": { "line": 66, "column": 36 },
          "end": { "line": 66, "column": null }
        },
        "type": "cond-expr",
        "locations": [
          {
            "start": { "line": 66, "column": 47 },
            "end": { "line": 66, "column": 58 }
          },
          {
            "start": { "line": 66, "column": 58 },
            "end": { "line": 66, "column": null }
          }
        ]
[...]
      },
      "77": {
        "start": { "line": 185, "column": 22 },
        "end": { "line": 185, "column": null }
      },
      "78": {
        "start": { "line": 186, "column": 17 },
        "end": { "line": 186, "column": null }
      },
      "79": {
        "start": { "line": 187, "column": 4 },
        "end": { "line": 187, "column": null }
      },
      "80": {
        "start": { "line": 189, "column": 4 },
        "end": { "line": 189, "column": null }
      },
      "81": {
        "start": { "line": 190, "column": 4 },
        "end": { "line": 190, "column": null }
      },
      "82": {
        "start": { "line": 198, "column": 29 },
        "end": { "line": 198, "column": null }
      },
      "83": {
        "start": { "line": 200, "column": 2 },
        "end": { "line": 222, "column": null }
      },
      "84": {
        "start": { "line": 216, "column": 43 },
        "end": { "line": 220, "column": null }
      },
      "85": {
        "start": { "line": 230, "column": 2 },
        "end": { "line": 232, "column": null }
      },
      "86": {
        "start": { "line": 231, "column": 4 },
        "end": { "line": 231, "column": null }
      },
      "87": {
        "start": { "line": 234, "column": 2 },
        "end": { "line": 245, "column": null }
      },
      "88": {
        "start": { "line": 235, "column": 20 },
        "end": { "line": 235, "column": null }
      },
      "89": {
        "start": { "line": 236, "column": 4 },
        "end": { "line": 241, "column": null }
      },
      "90": {
        "start": { "line": 236, "column": 50 },
        "end": { "line": 241, "column": null }
      },
      "91": {
        "start": { "line": 243, "column": 4 },
        "end": { "line": 243, "column": null }
      },
      "92": {
        "start": { "line": 244, "column": 4 },
        "end": { "line": 244, "column": null }
      }
    },
    "fnMap": {
      "0": {
        "name": "searchPosts",
        "decl": {
          "start": { "line": 7, "column": 22 },
          "end": { "line": 7, "column": 34 }
        },
        "loc": {
          "start": { "line": 7, "column": 53 },
          "end": { "line": 75, "column": null }
        }
      },
      "1": {
        "name": "getTrendingPosts",
        "decl": {
          "start": { "line": 81, "column": 22 },
          "end": { "line": 81, "column": 39 }
        },
        "loc": {
          "start": { "line": 81, "column": 48 },
          "end": { "line": 112, "column": null }
        }
      },
      "2": {
        "name": "getPostsByCategory",
        "decl": {
          "start": { "line": 117, "column": 22 },
          "end": { "line": 117, "column": null }
        },
        "loc": {
          "start": { "line": 120, "column": 12 },
          "end": { "line": 154, "column": null }
        }
      },
      "3": {
        "name": "getPostsByTag",
        "decl": {
          "start": { "line": 159, "column": 22 },
          "end": { "line": 159, "column": 36 }
        },
        "loc": {
          "start": { "line": 159, "column": 73 },
          "end": { "line": 192, "column": null }
        }
      },
      "4": {
        "name": "transformPost",
        "decl": {
          "start": { "line": 197, "column": 9 },
          "end": { "line": 197, "column": 23 }
        },
        "loc": {
          "start": { "line": 197, "column": 27 },
          "end": { "line": 223, "column": null }
        }
      },
      "5": {
        "name": "(anonymous_11)",
        "decl": {
          "start": { "line": 216, "column": 33 },
          "end": { "line": 216, "column": 34 }
        },
        "loc": {
          "start": { "line": 216, "column": 43 },
          "end": { "line": 220, "column": null }
        }
      },
      "6": {
        "name": "getSearchSuggestions",
        "decl": {
          "start": { "line": 229, "column": 22 },
          "end": { "line": 229, "column": 43 }
        },
        "loc": {
          "start": { "line": 229, "column": 59 },
          "end": { "line": 246, "column": null }
        }
      },
      "7": {
        "name": "(anonymous_13)",
        "decl": {
          "start": { "line": 236, "column": 39 },
          "end": { "line": 236, "column": 40 }
        },
        "loc": {
          "start": { "line": 236, "column": 50 },
          "end": { "line": 241, "column": null }
        }
      }
    },
    "branchMap": {
      "0": {
        "loc": {
          "start": { "line": 7, "column": 41 },
          "end": { "line": 7, "column": 53 }
        },
        "type": "default-arg",
        "locations": [
          {
            "start": { "line": 7, "column": 51 },
            "end": { "line": 7, "column": 53 }
          }
        ]
      },
      "1": {
        "loc": {
          "start": { "line": 8, "column": 2 },
          "end": { "line": 10, "column": null }
        },
        "type": "if",
        "locations": [
          {
            "start": { "line": 8, "column": 2 },
            "end": { "line": 10, "column": null }
          }
        ]
      },
      "2": {
        "loc": {
          "start": { "line": 8, "column": 6 },
          "end": { "line": 8, "column": 43 }
        },
        "type": "binary-expr",
        "locations": [
          {
            "start": { "line": 8, "column": 6 },
            "end": { "line": 8, "column": 16 }
          },
          {
            "start": { "line": 8, "column": 16 },
            "end": { "line": 8, "column": 43 }
          }
        ]
      },
      "3": {
        "loc": {
          "start": { "line": 28, "column": 4 },
          "end": { "line": 30, "column": null }
        },
        "type": "if",
        "locations": [
          {
            "start": { "line": 28, "column": 4 },
            "end": { "line": 30, "column": null }
          }
        ]
      },
      "4": {
        "loc": {
          "start": { "line": 33, "column": 4 },
          "end": { "line": 35, "column": null }
        },
        "type": "if",
        "locations": [
          {
            "start": { "line": 33, "column": 4 },
            "end": { "line": 35, "column": null }
          }
        ]
      },
      "5": {
        "loc": {
          "start": { "line": 41, "column": 18 },
          "end": { "line": 41, "column": null }
        },
        "type": "binary-expr",
        "locations": [
          {
            "start": { "line": 41, "column": 18 },
            "end": { "line": 41, "column": 31 }
          },
          {
            "start": { "line": 41, "column": 35 },
            "end": { "line": 41, "column": null }
          }
        ]
      },
      "6": {
        "loc": {
          "start": { "line": 42, "column": 17 },
          "end": { "line": 42, "column": null }
        },
        "type": "binary-expr",
        "locations": [
          {
            "start": { "line": 42, "column": 17 },
            "end": { "line": 42, "column": 29 }
          },
          {
            "start": { "line": 42, "column": 33 },
            "end": { "line": 42, "column": null }
          }
        ]
      },
      "7": {
        "loc": {
          "start": { "line": 62, "column": 4 },
          "end": { "line": 65, "column": null }
        },
        "type": "if",
        "locations": [
          {
            "start": { "line": 62, "column": 4 },
            "end": { "line": 65, "column": null }
          }
        ]
      },
      "8": {
        "loc": {
          "start": { "line": 70, "column": 12 },
          "end": { "line": 70, "column": 26 }
        },
        "type": "binary-expr",
        "locations": [
          {
            "start": { "line": 70, "column": 12 },
            "end": { "line": 70, "column": 21 }
          },
          {
            "start": { "line": 70, "column": 25 },
            "end": { "line": 70, "column": 26 }
          }
        ]
      },
      "9": {
        "loc": {
          "start": { "line": 81, "column": 39 },
          "end": { "line": 81, "column": 48 }
        },
        "type": "default-arg",
        "locations": [
          {
            "start": { "line": 81, "column": 47 },
            "end": { "line": 81, "column": 48 }
          }
        ]
      },
      "10": {
        "loc": {
          "start": { "line": 101, "column": 4 },
          "end": { "line": 104, "column": null }
        },
        "type": "if",
        "locations": [
          {
            "start": { "line": 101, "column": 4 },
            "end": { "line": 104, "column": null }
          }
        ]
      },
      "11": {
        "loc": {
          "start": { "line": 107, "column": 12 },
          "end": { "line": 107, "column": 26 }
        },
        "type": "binary-expr",
        "locations": [
          {
            "start": { "line": 107, "column": 12 },
            "end": { "line": 107, "column": 21 }
          },
          {
            "start": { "line": 107, "column": 25 },
            "end": { "line": 107, "column": 26 }
          }
        ]
      },
      "12": {
        "loc": {
          "start": { "line": 119, "column": 2 },
          "end": { "line": 119, "column": 18 }
        },
        "type": "default-arg",
        "locations": [
          {
            "start": { "line": 119, "column": 16 },
            "end": { "line": 119, "column": 18 }
          }
        ]
      },
      "13": {
        "loc": {
          "start": { "line": 120, "column": 2 },
          "end": { "line": 120, "column": 12 }
        },
        "type": "default-arg",
        "locations": [
          {
            "start": { "line": 120, "column": 10 },
            "end": { "line": 120, "column": 12 }
          }
        ]
      },
      "14": {
        "loc": {
          "start": { "line": 130, "column": 4 },
          "end": { "line": 133, "column": null }
        },
        "type": "if",
        "locations": [
          {
            "start": { "line": 130, "column": 4 },
            "end": { "line": 133, "column": null }
          }
        ]
      },
      "15": {
        "loc": {
          "start": { "line": 130, "column": 8 },
          "end": { "line": 130, "column": 54 }
        },
        "type": "binary-expr",
        "locations": [
          {
            "start": { "line": 130, "column": 8 },
            "end": { "line": 130, "column": 23 }
          },
          {
            "start": { "line": 130, "column": 23 },
            "end": { "line": 130, "column": 54 }
          }
        ]
      },
      "16": {
        "loc": {
          "start": { "line": 147, "column": 4 },
          "end": { "line": 147, "column": null }
        },
        "type": "if",
        "locations": [
          {
            "start": { "line": 147, "column": 4 },
            "end": { "line": 147, "column": null }
          }
        ]
      },
      "17": {
        "loc": {
          "start": { "line": 149, "column": 12 },
          "end": { "line": 149, "column": 26 }
        },
        "type": "binary-expr",
        "locations": [
          {
            "start": { "line": 149, "column": 12 },
            "end": { "line": 149, "column": 21 }
          },
          {
            "start": { "line": 149, "column": 25 },
            "end": { "line": 149, "column": 26 }
          }
        ]
      },
      "18": {
        "loc": {
          "start": { "line": 159, "column": 45 },
          "end": { "line": 159, "column": 61 }
        },
        "type": "default-arg",
        "locations": [
          {
            "start": { "line": 159, "column": 59 },
            "end": { "line": 159, "column": 61 }
          }
        ]
      },
      "19": {
        "loc": {
          "start": { "line": 159, "column": 63 },
          "end": { "line": 159, "column": 73 }
        },
        "type": "default-arg",
        "locations": [
          {
            "start": { "line": 159, "column": 71 },
            "end": { "line": 159, "column": 73 }
          }
        ]
      },
      "20": {
        "loc": {
          "start": { "line": 168, "column": 4 },
          "end": { "line": 171, "column": null }
        },
        "type": "if",
        "locations": [
          {
            "start": { "line": 168, "column": 4 },
            "end": { "line": 171, "column": null }
          }
        ]
      },
      "21": {
        "loc": {
          "start": { "line": 168, "column": 8 },
          "end": { "line": 168, "column": 54 }
        },
        "type": "binary-expr",
        "locations": [
          {
            "start": { "line": 168, "column": 8 },
            "end": { "line": 168, "column": 23 }
          },
          {
            "start": { "line": 168, "column": 23 },
            "end": { "line": 168, "column": 54 }
          }
        ]
      },
      "22": {
        "loc": {
          "start": { "line": 185, "column": 4 },
          "end": { "line": 185, "column": null }
        },
        "type": "if",
        "locations": [
          {
            "start": { "line": 185, "column": 4 },
            "end": { "line": 185, "column": null }
          }
        ]
      },
      "23": {
        "loc": {
          "start": { "line": 187, "column": 12 },
          "end": { "line": 187, "column": 26 }
        },
        "type": "binary-expr",
        "locations": [
          {
            "start": { "line": 187, "column": 12 },
            "end": { "line": 187, "column": 21 }
          },
          {
            "start": { "line": 187, "column": 25 },
            "end": { "line": 187, "column": 26 }
          }
        ]
      },
      "24": {
        "loc": {
          "start": { "line": 202, "column": 11 },
          "end": { "line": 202, "column": null }
        },
        "type": "binary-expr",
        "locations": [
          {
            "start": { "line": 202, "column": 11 },
            "end": { "line": 202, "column": 27 }
          },
          {
            "start": { "line": 202, "column": 31 },
            "end": { "line": 202, "column": null }
          }
        ]
      },
      "25": {
        "loc": {
          "start": { "line": 203, "column": 10 },
          "end": { "line": 203, "column": null }
        },
        "type": "binary-expr",
        "locations": [
          {
            "start": { "line": 203, "column": 10 },
            "end": { "line": 203, "column": 25 }
          },
          {
            "start": { "line": 203, "column": 29 },
            "end": { "line": 203, "column": null }
          }
        ]
      },
      "26": {
        "loc": {
          "start": { "line": 204, "column": 13 },
          "end": { "line": 204, "column": null }
        },
        "type": "binary-expr",
        "locations": [
          {
            "start": { "line": 204, "column": 13 },
            "end": { "line": 204, "column": 31 }
          },
          {
            "start": { "line": 204, "column": 35 },
            "end": { "line": 204, "column": null }
          }
        ]
      },
      "27": {
        "loc": {
          "start": { "line": 205, "column": 13 },
          "end": { "line": 205, "column": null }
        },
        "type": "binary-expr",
        "locations": [
          {
            "start": { "line": 205, "column": 13 },
            "end": { "line": 205, "column": 31 }
          },
          {
            "start": { "line": 205, "column": 35 },
            "end": { "line": 205, "column": null }
          }
        ]
      },
      "28": {
        "loc": {
          "start": { "line": 206, "column": 17 },
          "end": { "line": 206, "column": 58 }
        },
        "type": "binary-expr",
        "locations": [
          {
            "start": { "line": 206, "column": 17 },
            "end": { "line": 206, "column": 39 }
          },
          {
            "start": { "line": 206, "column": 43 },
            "end": { "line": 206, "column": 58 }
          }
        ]
      },
      "29": {
        "loc": {
          "start": { "line": 208, "column": 14 },
          "end": { "line": 214, "column": null }
        },
        "type": "cond-expr",
        "locations": [
          {
            "start": { "line": 209, "column": 8 },
            "end": { "line": 213, "column": null }
          },
          {
            "start": { "line": 214, "column": 8 },
            "end": { "line": 214, "column": null }
          }
        ]
      },
      "30": {
        "loc": {
          "start": { "line": 215, "column": 10 },
          "end": { "line": 221, "column": 10 }
        },
        "type": "cond-expr",
        "locations": [
          {
            "start": { "line": 216, "column": 8 },
            "end": { "line": 220, "column": null }
          },
          {
            "start": { "line": 221, "column": 8 },
            "end": { "line": 221, "column": 10 }
          }
        ]
      },
      "31": {
        "loc": {
          "start": { "line": 229, "column": 50 },
          "end": { "line": 229, "column": 59 }
        },
        "type": "default-arg",
        "locations": [
          {
            "start": { "line": 229, "column": 58 },
            "end": { "line": 229, "column": 59 }
          }
        ]
      },
      "32": {
        "loc": {
          "start": { "line": 230, "column": 2 },
          "end": { "line": 232, "column": null }
        },
        "type": "if",
        "locations": [
          {
            "start": { "line": 230, "column": 2 },
            "end": { "line": 232, "column": null }
          }
        ]
      },
      "33": {
        "loc": {
          "start": { "line": 230, "column": 6 },
          "end": { "line": 230, "column": 41 }
        },
        "type": "binary-expr",
        "locations": [
          {
            "start": { "line": 230, "column": 6 },
            "end": { "line": 230, "column": 16 }
          },
          {
            "start": { "line": 230, "column": 16 },
            "end": { "line": 230, "column": 41 }
          }
        ]
      }
    },
    "s": {
      "0": 0,
      "1": 0,
      "2": 0,
      "3": 0,
      "4": 0,
      "5": 1,
      "6": 0,
      "7": 0,
      "8": 0,
      "9": 0,
      "10": 0,
      "11": 0,
      "12": 0,
      "13": 0,
      "14": 0,
      "15": 0,
      "16": 0,
      "17": 0,
      "18": 0,
      "19": 0,
      "20": 0,
      "21": 0,
      "22": 0,
      "23": 0,
      "24": 0,
      "25": 0,
      "26": 0,
      "27": 0,
      "28": 0,
      "29": 0,
      "30": 0,
      "31": 0,
      "32": 0,
      "33": 0,
      "34": 0,
      "35": 0,
      "36": 0,
      "37": 0,
      "38": 0,
      "39": 0,
      "40": 0,
      "41": 0,
      "42": 0,
      "43": 0,
      "44": 0,
      "45": 0,
      "46": 0,
      "47": 0,
      "48": 0,
      "49": 0,
      "50": 0,
      "51": 0,
      "52": 0,
      "53": 0,
      "54": 0,
      "55": 0,
      "56": 0,
      "57": 0,
      "58": 0,
      "59": 0,
      "60": 0,
      "61": 0,
      "62": 0,
      "63": 0,
      "64": 0,
      "65": 0,
      "66": 0,
      "67": 0,
      "68": 0,
      "69": 0,
      "70": 0,
      "71": 0,
      "72": 0,
      "73": 0,
      "74": 0,
      "75": 0,
      "76": 0,
      "77": 0,
      "78": 0,
      "79": 0,
      "80": 0,
      "81": 0,
      "82": 0,
      "83": 0,
      "84": 0,
      "85": 0,
      "86": 0,
      "87": 0,
      "88": 0,
      "89": 0,
      "90": 0,
      "91": 0,
      "92": 0
    },
    "f": { "0": 0, "1": 0, "2": 0, "3": 0, "4": 0, "5": 0, "6": 0, "7": 0 },
    "b": {
      "0": [0],
      "1": [0],
      "2": [0, 0],
      "3": [0],
      "4": [0],
      "5": [0, 0],
      "6": [0, 0],
      "7": [0],
      "8": [0, 0],
      "9": [0],
      "10": [0],
      "11": [0, 0],
      "12": [0],
      "13": [0],
      "14": [0],
      "15": [0, 0],
      "16": [0],
      "17": [0, 0],
      "18": [0],
      "19": [0],
      "20": [0],
      "21": [0, 0],
      "22": [0],
      "23": [0, 0],
      "24": [0, 0],
      "25": [0, 0],
      "26": [0, 0],
      "27": [0, 0],
      "28": [0, 0],
      "29": [0, 0],
      "30": [0, 0],
      "31": [0],
      "32": [0],
      "33": [0, 0]
    }
  }
}
