TN:
SF:components\Footer.js
FN:3,(anonymous_2)
FNF:1
FNH:1
FNDA:1,(anonymous_2)
DA:1,1
DA:3,1
DA:4,1
DA:102,1
LF:4
LH:4
BRF:0
BRH:0
end_of_record
TN:
SF:components\Header.js
FN:8,(anonymous_2)
FN:14,(anonymous_3)
FN:15,(anonymous_4)
FN:38,(anonymous_5)
FN:44,(anonymous_6)
FN:50,(anonymous_7)
FN:65,(anonymous_8)
FNF:7
FNH:5
FNDA:2,(anonymous_2)
FNDA:1,(anonymous_3)
FNDA:1,(anonymous_4)
FNDA:0,(anonymous_5)
FNDA:1,(anonymous_6)
FNDA:0,(anonymous_7)
FNDA:8,(anonymous_8)
DA:1,1
DA:2,1
DA:3,1
DA:4,1
DA:5,1
DA:6,1
DA:8,1
DA:9,2
DA:10,2
DA:11,2
DA:14,2
DA:15,1
DA:16,1
DA:17,1
DA:18,1
DA:20,1
DA:21,0
DA:23,1
DA:26,0
DA:27,0
DA:29,1
DA:33,1
DA:36,1
DA:38,1
DA:39,0
DA:40,0
DA:44,1
DA:45,1
DA:46,1
DA:50,2
DA:51,0
DA:52,0
DA:54,0
DA:57,0
DA:58,0
DA:59,0
DA:60,0
DA:65,8
DA:221,1
LF:39
LH:27
BRDA:20,0,0,0
BRDA:20,0,1,1
BRDA:20,1,0,1
BRDA:20,1,1,0
BRDA:39,2,0,0
BRDA:90,3,0,2
BRDA:90,3,1,0
BRDA:112,4,0,2
BRDA:112,4,1,0
BRDA:119,5,0,0
BRDA:119,5,1,2
BRDA:126,6,0,0
BRDA:126,6,1,2
BRDA:135,7,0,2
BRDA:138,8,0,0
BRF:15
BRH:7
end_of_record
TN:
SF:components\Layout.js
FN:25,Layout
FN:29,(anonymous_3)
FN:32,(anonymous_4)
FN:49,(anonymous_5)
FNF:4
FNH:2
FNDA:1,Layout
FNDA:1,(anonymous_3)
FNDA:0,(anonymous_4)
FNDA:0,(anonymous_5)
DA:12,1
DA:13,1
DA:14,1
DA:15,1
DA:16,1
DA:25,1
DA:26,1
DA:29,1
DA:30,1
DA:32,0
DA:34,0
DA:35,0
DA:38,0
DA:39,0
DA:40,0
DA:41,0
DA:42,0
DA:43,0
DA:45,0
DA:48,0
DA:49,0
LF:21
LH:9
BRDA:30,0,0,1
BRDA:35,1,0,0
BRDA:35,1,1,0
BRDA:39,2,0,0
BRDA:39,2,1,0
BRDA:40,3,0,0
BRDA:40,3,1,0
BRDA:41,4,0,0
BRDA:41,4,1,0
BRDA:42,5,0,0
BRDA:42,5,1,0
BRDA:43,6,0,0
BRDA:55,7,0,1
BRF:13
BRH:2
end_of_record
TN:
SF:components\LoginLink.jsx
FN:18,OAuthLoginButton
FN:26,(anonymous_9)
FN:138,UserMenu
FN:146,(anonymous_11)
FN:187,(anonymous_12)
FNF:5
FNH:1
FNDA:1,OAuthLoginButton
FNDA:0,(anonymous_9)
FNDA:0,UserMenu
FNDA:0,(anonymous_11)
FNDA:0,(anonymous_12)
DA:8,1
DA:9,1
DA:10,1
DA:18,1
DA:23,1
DA:24,1
DA:26,1
DA:27,0
DA:28,0
DA:29,0
DA:31,0
DA:32,0
DA:35,0
DA:37,0
DA:38,0
DA:42,0
DA:43,0
DA:48,0
DA:51,0
DA:53,0
DA:54,0
DA:55,0
DA:59,1
DA:60,1
DA:63,1
DA:64,1
DA:71,1
DA:138,0
DA:139,0
DA:141,0
DA:146,0
DA:188,0
DA:189,0
DA:201,1
LF:34
LH:13
BRDA:19,0,0,0
BRDA:20,1,0,0
BRDA:21,2,0,0
BRDA:37,3,0,0
BRDA:54,4,0,0
BRDA:54,4,1,0
BRDA:60,5,0,1
BRDA:60,5,1,0
BRDA:71,6,0,1
BRDA:71,6,1,0
BRDA:80,7,0,1
BRDA:89,8,0,1
BRDA:110,9,0,1
BRDA:141,10,0,0
BRDA:149,11,0,0
BRDA:156,12,0,0
BRDA:156,12,1,0
BRDA:158,13,0,0
BRDA:158,13,1,0
BRDA:172,14,0,0
BRF:20
BRH:5
end_of_record
TN:
SF:components\OptimizedImage.jsx
FN:15,OptimizedImage
FN:37,(anonymous_3)
FN:41,(anonymous_4)
FNF:3
FNH:0
FNDA:0,OptimizedImage
FNDA:0,(anonymous_3)
FNDA:0,(anonymous_4)
DA:3,2
DA:4,2
DA:15,0
DA:27,0
DA:28,0
DA:31,0
DA:32,0
DA:37,0
DA:38,0
DA:41,0
DA:42,0
DA:43,0
DA:44,0
DA:48,0
DA:74,0
DA:87,0
DA:116,2
LF:17
LH:3
BRDA:17,0,0,0
BRDA:18,1,0,0
BRDA:19,2,0,0
BRDA:20,3,0,0
BRDA:31,4,0,0
BRDA:31,5,0,0
BRDA:31,5,1,0
BRDA:43,6,0,0
BRDA:48,7,0,0
BRDA:76,8,0,0
BRDA:76,8,1,0
BRDA:77,9,0,0
BRDA:77,9,1,0
BRDA:79,10,0,0
BRDA:79,10,1,0
BRDA:82,11,0,0
BRDA:82,11,1,0
BRDA:87,12,0,0
BRDA:94,13,0,0
BRDA:94,13,1,0
BRDA:96,14,0,0
BRDA:96,14,1,0
BRDA:108,15,0,0
BRDA:108,15,1,0
BRF:24
BRH:0
end_of_record
TN:
SF:components\Pagination.js
FN:3,Pagination
FN:8,(anonymous_3)
FN:52,(anonymous_4)
FNF:3
FNH:3
FNDA:3,Pagination
FNDA:10,(anonymous_3)
FNDA:10,(anonymous_4)
DA:1,1
DA:3,3
DA:4,3
DA:6,3
DA:8,10
DA:9,2
DA:10,2
DA:53,10
LF:8
LH:8
BRDA:3,0,0,0
BRDA:6,1,0,1
BRDA:9,2,0,1
BRDA:9,2,1,1
BRDA:10,3,0,2
BRDA:10,3,1,0
BRDA:24,4,0,2
BRDA:55,5,0,2
BRDA:75,6,0,2
BRF:9
BRH:7
end_of_record
TN:
SF:components\PostCard.js
FN:5,(anonymous_2)
FN:11,(anonymous_3)
FN:115,(anonymous_4)
FNF:3
FNH:2
FNDA:2,(anonymous_2)
FNDA:2,(anonymous_3)
FNDA:0,(anonymous_4)
DA:1,1
DA:2,1
DA:3,1
DA:5,1
DA:6,2
DA:7,2
DA:8,2
DA:11,1
DA:22,2
DA:23,2
DA:27,2
DA:28,2
DA:29,2
DA:31,2
DA:116,0
DA:165,2
LF:16
LH:15
BRDA:6,0,0,0
BRDA:8,1,0,0
BRDA:8,1,1,2
BRDA:23,2,0,0
BRDA:23,2,1,2
BRDA:27,3,0,2
BRDA:27,3,1,0
BRDA:29,4,0,2
BRDA:29,4,1,2
BRDA:31,5,0,2
BRDA:31,5,1,0
BRDA:31,6,0,2
BRDA:31,6,1,2
BRDA:32,7,0,2
BRDA:32,7,1,2
BRDA:41,8,0,2
BRDA:46,9,0,0
BRDA:46,9,1,0
BRDA:59,10,0,2
BRDA:80,11,0,2
BRDA:80,11,1,0
BRDA:112,12,0,2
BRDA:112,12,1,0
BRDA:125,13,0,0
BRF:24
BRH:14
end_of_record
TN:
SF:components\PostList.js
FN:19,(anonymous_2)
FN:39,(anonymous_3)
FN:40,(anonymous_4)
FNF:3
FNH:3
FNDA:1,(anonymous_2)
FNDA:2,(anonymous_3)
FNDA:2,(anonymous_4)
DA:9,1
DA:19,1
DA:21,1
DA:39,2
DA:42,2
DA:54,2
DA:60,2
DA:136,1
LF:8
LH:8
BRDA:21,0,0,0
BRDA:21,1,0,1
BRDA:21,1,1,1
BRDA:42,2,0,2
BRDA:42,2,1,0
BRDA:42,3,0,2
BRDA:42,3,1,0
BRDA:43,4,0,2
BRDA:43,4,1,2
BRDA:54,5,0,2
BRDA:54,5,1,0
BRDA:54,6,0,2
BRDA:54,6,1,0
BRDA:55,7,0,2
BRDA:55,7,1,2
BRF:15
BRH:10
end_of_record
TN:
SF:components\SearchBar.jsx
FN:9,SearchBar
FN:19,(anonymous_3)
FN:20,(anonymous_4)
FN:40,(anonymous_5)
FN:44,(anonymous_6)
FN:45,handleClickOutside
FN:52,(anonymous_8)
FN:56,(anonymous_9)
FN:60,(anonymous_10)
FN:66,(anonymous_11)
FN:86,(anonymous_12)
FN:115,(anonymous_13)
FN:117,(anonymous_14)
FN:170,(anonymous_15)
FN:180,(anonymous_16)
FNF:15
FNH:5
FNDA:2,SearchBar
FNDA:1,(anonymous_3)
FNDA:0,(anonymous_4)
FNDA:1,(anonymous_5)
FNDA:1,(anonymous_6)
FNDA:0,handleClickOutside
FNDA:1,(anonymous_8)
FNDA:0,(anonymous_9)
FNDA:0,(anonymous_10)
FNDA:0,(anonymous_11)
FNDA:0,(anonymous_12)
FNDA:0,(anonymous_13)
FNDA:0,(anonymous_14)
FNDA:0,(anonymous_15)
FNDA:0,(anonymous_16)
DA:3,1
DA:4,1
DA:5,1
DA:6,1
DA:7,1
DA:9,2
DA:10,2
DA:11,2
DA:12,2
DA:13,2
DA:14,2
DA:15,2
DA:16,2
DA:19,2
DA:20,1
DA:21,0
DA:22,0
DA:23,0
DA:24,0
DA:25,0
DA:26,0
DA:27,0
DA:29,0
DA:30,0
DA:32,0
DA:35,0
DA:36,0
DA:40,1
DA:44,2
DA:46,0
DA:47,0
DA:51,1
DA:52,1
DA:56,2
DA:57,0
DA:59,0
DA:60,0
DA:61,0
DA:63,0
DA:65,0
DA:66,0
DA:67,0
DA:69,0
DA:70,0
DA:71,0
DA:72,0
DA:73,0
DA:75,0
DA:77,0
DA:79,0
DA:80,0
DA:82,0
DA:86,2
DA:87,0
DA:88,0
DA:89,0
DA:115,0
DA:117,0
DA:171,0
DA:180,0
LF:60
LH:21
BRDA:21,0,0,0
BRDA:21,0,1,0
BRDA:46,1,0,0
BRDA:46,2,0,0
BRDA:46,2,1,0
BRDA:57,3,0,0
BRDA:57,3,1,0
BRDA:57,3,2,0
BRDA:57,3,3,0
BRDA:57,3,4,0
BRDA:61,4,0,0
BRDA:61,4,1,0
BRDA:66,5,0,0
BRDA:66,5,1,0
BRDA:70,6,0,0
BRDA:70,6,1,0
BRDA:70,7,0,0
BRDA:70,7,1,0
BRDA:73,8,0,0
BRDA:88,9,0,0
BRDA:117,10,0,0
BRDA:117,10,1,0
BRDA:121,11,0,0
BRDA:121,11,1,2
BRDA:142,12,0,2
BRDA:161,13,0,2
BRDA:161,13,1,0
BRDA:175,14,0,0
BRDA:175,14,1,0
BRDA:176,15,0,0
BRDA:176,15,1,0
BRDA:209,16,0,2
BRDA:209,16,1,0
BRDA:209,16,2,0
BRDA:209,16,3,0
BRF:35
BRH:4
end_of_record
TN:
SF:lib\analytics.js
FN:15,(anonymous_20)
FN:29,(anonymous_21)
FN:54,(anonymous_22)
FN:80,(anonymous_23)
FN:102,(anonymous_24)
FN:125,(anonymous_25)
FN:153,(anonymous_26)
FN:181,(anonymous_27)
FN:216,(anonymous_28)
FN:239,(anonymous_29)
FN:265,(anonymous_30)
FN:288,(anonymous_31)
FN:313,(anonymous_32)
FN:343,(anonymous_33)
FN:344,(anonymous_34)
FN:351,(anonymous_35)
FN:361,(anonymous_36)
FN:370,(anonymous_37)
FN:378,(anonymous_38)
FN:398,(anonymous_39)
FN:399,(anonymous_40)
FN:403,(anonymous_41)
FN:418,(anonymous_42)
FN:432,(anonymous_43)
FN:444,(anonymous_44)
FN:454,(anonymous_45)
FN:465,(anonymous_46)
FN:481,(anonymous_47)
FNF:28
FNH:1
FNDA:0,(anonymous_20)
FNDA:0,(anonymous_21)
FNDA:0,(anonymous_22)
FNDA:0,(anonymous_23)
FNDA:0,(anonymous_24)
FNDA:0,(anonymous_25)
FNDA:0,(anonymous_26)
FNDA:0,(anonymous_27)
FNDA:0,(anonymous_28)
FNDA:0,(anonymous_29)
FNDA:0,(anonymous_30)
FNDA:0,(anonymous_31)
FNDA:0,(anonymous_32)
FNDA:0,(anonymous_33)
FNDA:0,(anonymous_34)
FNDA:0,(anonymous_35)
FNDA:0,(anonymous_36)
FNDA:0,(anonymous_37)
FNDA:0,(anonymous_38)
FNDA:0,(anonymous_39)
FNDA:0,(anonymous_40)
FNDA:0,(anonymous_41)
FNDA:0,(anonymous_42)
FNDA:0,(anonymous_43)
FNDA:0,(anonymous_44)
FNDA:1,(anonymous_45)
FNDA:0,(anonymous_46)
FNDA:0,(anonymous_47)
DA:15,1
DA:16,0
DA:17,0
DA:29,1
DA:30,0
DA:32,0
DA:33,0
DA:41,0
DA:54,1
DA:55,0
DA:57,0
DA:58,0
DA:60,0
DA:68,0
DA:80,1
DA:81,0
DA:83,0
DA:84,0
DA:91,0
DA:102,1
DA:103,0
DA:105,0
DA:106,0
DA:113,0
DA:125,1
DA:131,0
DA:133,0
DA:134,0
DA:142,0
DA:153,1
DA:158,0
DA:160,0
DA:161,0
DA:169,0
DA:181,1
DA:182,0
DA:184,0
DA:185,0
DA:187,0
DA:188,0
DA:189,0
DA:190,0
DA:191,0
DA:192,0
DA:193,0
DA:194,0
DA:197,0
DA:205,0
DA:216,1
DA:217,0
DA:219,0
DA:220,0
DA:227,0
DA:239,1
DA:244,0
DA:246,0
DA:247,0
DA:254,0
DA:265,1
DA:266,0
DA:268,0
DA:269,0
DA:277,0
DA:288,1
DA:293,0
DA:295,0
DA:296,0
DA:303,0
DA:313,1
DA:314,0
DA:316,0
DA:317,0
DA:324,0
DA:343,1
DA:344,0
DA:346,0
DA:348,0
DA:349,0
DA:351,0
DA:352,0
DA:353,0
DA:354,0
DA:357,0
DA:358,0
DA:361,0
DA:362,0
DA:363,0
DA:364,0
DA:365,0
DA:370,0
DA:371,0
DA:372,0
DA:375,0
DA:378,0
DA:379,0
DA:380,0
DA:398,1
DA:399,0
DA:401,0
DA:403,0
DA:404,0
DA:405,0
DA:408,0
DA:409,0
DA:410,0
DA:412,0
DA:418,0
DA:419,0
DA:420,0
DA:421,0
DA:422,0
DA:423,0
DA:428,0
DA:429,0
DA:432,0
DA:433,0
DA:434,0
DA:444,1
DA:445,0
DA:454,1
DA:455,1
DA:465,1
DA:466,0
DA:467,0
DA:468,0
DA:469,0
DA:470,0
DA:481,1
DA:482,0
DA:483,0
DA:484,0
DA:488,1
LF:132
LH:21
BRDA:16,0,0,0
BRDA:29,1,0,0
BRDA:29,2,0,0
BRDA:30,3,0,0
BRDA:54,4,0,0
BRDA:55,5,0,0
BRDA:58,6,0,0
BRDA:58,7,0,0
BRDA:63,8,0,0
BRDA:63,8,1,0
BRDA:80,9,0,0
BRDA:81,10,0,0
BRDA:102,11,0,0
BRDA:102,12,0,0
BRDA:103,13,0,0
BRDA:128,14,0,0
BRDA:129,15,0,0
BRDA:131,16,0,0
BRDA:155,17,0,0
BRDA:156,18,0,0
BRDA:158,19,0,0
BRDA:181,20,0,0
BRDA:182,21,0,0
BRDA:187,22,0,0
BRDA:187,22,1,0
BRDA:189,23,0,0
BRDA:189,23,1,0
BRDA:191,24,0,0
BRDA:191,24,1,0
BRDA:193,25,0,0
BRDA:216,26,0,0
BRDA:217,27,0,0
BRDA:242,28,0,0
BRDA:244,29,0,0
BRDA:265,30,0,0
BRDA:266,31,0,0
BRDA:290,32,0,0
BRDA:291,33,0,0
BRDA:293,34,0,0
BRDA:298,35,0,0
BRDA:298,35,1,0
BRDA:313,36,0,0
BRDA:314,37,0,0
BRDA:321,38,0,0
BRDA:321,38,1,0
BRDA:343,39,0,0
BRDA:343,40,0,0
BRDA:344,41,0,0
BRDA:346,42,0,0
BRDA:346,43,0,0
BRDA:358,44,0,0
BRDA:358,44,1,0
BRDA:363,45,0,0
BRDA:363,46,0,0
BRDA:363,46,1,0
BRDA:398,47,0,0
BRDA:399,48,0,0
BRDA:408,49,0,0
BRDA:408,50,0,0
BRDA:408,50,1,0
BRDA:419,51,0,0
BRDA:422,52,0,0
BRDA:445,53,0,0
BRDA:445,53,1,0
BRDA:455,54,0,1
BRDA:455,54,1,1
BRDA:466,55,0,0
BRDA:482,56,0,0
BRF:68
BRH:2
end_of_record
TN:
SF:lib\api-fastapi.js
FN:25,fetchAPI
FN:59,getPaginatedPosts
FN:74,(anonymous_28)
FN:98,getFeaturedPost
FN:122,getPostBySlug
FN:146,getCategories
FN:161,getTags
FN:179,getPostsByCategory
FN:191,getPostsByTag
FN:202,getAllPosts
FN:219,(anonymous_36)
FN:247,getRelatedPosts
FN:260,(anonymous_38)
FN:275,searchPosts
FN:297,getCMSStatus
FN:313,validateFastAPI
FN:329,getImageURL
FN:348,formatPost
FN:379,getOAuthLoginURL
FN:391,handleOAuthCallback
FN:403,getCurrentUser
FN:424,logout
FN:445,createTask
FN:465,listTasks
FN:486,getTaskById
FN:501,getTaskMetrics
FN:520,getAvailableModels
FN:536,testModelProvider
FNF:28
FNH:0
FNDA:0,fetchAPI
FNDA:0,getPaginatedPosts
FNDA:0,(anonymous_28)
FNDA:0,getFeaturedPost
FNDA:0,getPostBySlug
FNDA:0,getCategories
FNDA:0,getTags
FNDA:0,getPostsByCategory
FNDA:0,getPostsByTag
FNDA:0,getAllPosts
FNDA:0,(anonymous_36)
FNDA:0,getRelatedPosts
FNDA:0,(anonymous_38)
FNDA:0,searchPosts
FNDA:0,getCMSStatus
FNDA:0,validateFastAPI
FNDA:0,getImageURL
FNDA:0,formatPost
FNDA:0,getOAuthLoginURL
FNDA:0,handleOAuthCallback
FNDA:0,getCurrentUser
FNDA:0,logout
FNDA:0,createTask
FNDA:0,listTasks
FNDA:0,getTaskById
FNDA:0,getTaskMetrics
FNDA:0,getAvailableModels
FNDA:0,testModelProvider
DA:14,2
DA:15,2
DA:18,2
DA:26,0
DA:28,0
DA:29,0
DA:38,0
DA:39,0
DA:42,0
DA:43,0
DA:45,0
DA:46,0
DA:59,0
DA:64,0
DA:67,0
DA:69,0
DA:72,0
DA:73,0
DA:74,0
DA:78,0
DA:98,0
DA:99,0
DA:101,0
DA:105,0
DA:106,0
DA:108,0
DA:110,0
DA:111,0
DA:122,0
DA:123,0
DA:124,0
DA:126,0
DA:127,0
DA:134,0
DA:136,0
DA:137,0
DA:146,0
DA:147,0
DA:148,0
DA:149,0
DA:151,0
DA:152,0
DA:161,0
DA:162,0
DA:163,0
DA:164,0
DA:166,0
DA:167,0
DA:179,0
DA:180,0
DA:191,0
DA:192,0
DA:202,0
DA:203,0
DA:204,0
DA:205,0
DA:206,0
DA:209,0
DA:210,0
DA:214,0
DA:215,0
DA:218,0
DA:219,0
DA:225,0
DA:226,0
DA:229,0
DA:232,0
DA:234,0
DA:235,0
DA:247,0
DA:248,0
DA:250,0
DA:252,0
DA:253,0
DA:256,0
DA:259,0
DA:260,0
DA:263,0
DA:264,0
DA:275,0
DA:276,0
DA:277,0
DA:278,0
DA:281,0
DA:282,0
DA:284,0
DA:286,0
DA:287,0
DA:297,0
DA:298,0
DA:299,0
DA:300,0
DA:302,0
DA:303,0
DA:313,0
DA:314,0
DA:315,0
DA:316,0
DA:318,0
DA:329,0
DA:330,0
DA:333,0
DA:334,0
DA:338,0
DA:348,0
DA:349,0
DA:351,0
DA:379,0
DA:380,0
DA:381,0
DA:391,0
DA:392,0
DA:403,0
DA:404,0
DA:405,0
DA:406,0
DA:408,0
DA:413,0
DA:415,0
DA:416,0
DA:424,0
DA:425,0
DA:426,0
DA:428,0
DA:445,0
DA:446,0
DA:447,0
DA:449,0
DA:465,0
DA:466,0
DA:467,0
DA:469,0
DA:470,0
DA:471,0
DA:474,0
DA:486,0
DA:487,0
DA:488,0
DA:490,0
DA:501,0
DA:502,0
DA:503,0
DA:505,0
DA:520,0
DA:521,0
DA:522,0
DA:523,0
DA:525,0
DA:526,0
DA:536,0
DA:537,0
DA:538,0
DA:539,0
DA:542,0
DA:546,2
LF:155
LH:4
BRDA:14,0,0,2
BRDA:14,0,1,2
BRDA:25,1,0,0
BRDA:38,2,0,0
BRDA:60,3,0,0
BRDA:61,4,0,0
BRDA:62,5,0,0
BRDA:72,6,0,0
BRDA:72,6,1,0
BRDA:73,7,0,0
BRDA:84,8,0,0
BRDA:84,8,1,0
BRDA:86,9,0,0
BRDA:86,9,1,0
BRDA:105,10,0,0
BRDA:105,11,0,0
BRDA:105,11,1,0
BRDA:126,12,0,0
BRDA:130,13,0,0
BRDA:130,13,1,0
BRDA:131,14,0,0
BRDA:131,14,1,0
BRDA:149,15,0,0
BRDA:149,15,1,0
BRDA:164,16,0,0
BRDA:164,16,1,0
BRDA:179,17,0,0
BRDA:179,18,0,0
BRDA:191,19,0,0
BRDA:191,20,0,0
BRDA:214,21,0,0
BRDA:214,22,0,0
BRDA:214,22,1,0
BRDA:225,23,0,0
BRDA:247,24,0,0
BRDA:247,25,0,0
BRDA:252,26,0,0
BRDA:252,27,0,0
BRDA:252,27,1,0
BRDA:259,28,0,0
BRDA:259,28,1,0
BRDA:275,29,0,0
BRDA:277,30,0,0
BRDA:277,31,0,0
BRDA:277,31,1,0
BRDA:284,32,0,0
BRDA:284,32,1,0
BRDA:330,33,0,0
BRDA:333,34,0,0
BRDA:349,35,0,0
BRDA:357,36,0,0
BRDA:357,36,1,0
BRDA:360,37,0,0
BRDA:360,37,1,0
BRDA:361,38,0,0
BRDA:361,38,1,0
BRDA:362,39,0,0
BRDA:362,39,1,0
BRDA:364,40,0,0
BRDA:364,40,1,0
BRDA:365,41,0,0
BRDA:365,41,1,0
BRDA:406,42,0,0
BRDA:413,43,0,0
BRDA:413,43,1,0
BRDA:426,44,0,0
BRDA:447,45,0,0
BRDA:465,46,0,0
BRDA:465,47,0,0
BRDA:465,48,0,0
BRDA:467,49,0,0
BRDA:470,50,0,0
BRDA:488,51,0,0
BRDA:503,52,0,0
BRDA:523,53,0,0
BRDA:523,53,1,0
BRDA:536,54,0,0
BRDA:538,55,0,0
BRF:78
BRH:2
end_of_record
TN:
SF:lib\api.js
FN:41,getStrapiURL
FNF:1
FNH:0
FNDA:0,getStrapiURL
DA:11,0
DA:12,0
DA:13,0
DA:14,0
DA:15,0
DA:16,0
DA:17,0
DA:18,0
DA:19,0
DA:20,0
DA:21,0
DA:22,0
DA:23,0
DA:24,0
DA:26,0
DA:27,0
DA:28,0
DA:29,0
DA:31,0
DA:32,0
DA:33,0
DA:34,0
DA:36,0
DA:37,0
DA:38,2
DA:41,0
DA:43,0
DA:44,0
DA:45,0
LF:29
LH:1
BRDA:41,0,0,0
BRDA:43,1,0,0
BRDA:43,1,1,0
BRDA:44,2,0,0
BRF:4
BRH:0
end_of_record
TN:
SF:lib\search.js
FN:7,searchPosts
FN:81,getTrendingPosts
FN:117,getPostsByCategory
FN:159,getPostsByTag
FN:197,transformPost
FN:216,(anonymous_11)
FN:229,getSearchSuggestions
FN:236,(anonymous_13)
FNF:8
FNH:0
FNDA:0,searchPosts
FNDA:0,getTrendingPosts
FNDA:0,getPostsByCategory
FNDA:0,getPostsByTag
FNDA:0,transformPost
FNDA:0,(anonymous_11)
FNDA:0,getSearchSuggestions
FNDA:0,(anonymous_13)
DA:1,1
DA:7,0
DA:8,0
DA:9,0
DA:12,0
DA:13,0
DA:14,0
DA:17,0
DA:20,0
DA:21,0
DA:25,0
DA:28,0
DA:29,0
DA:33,0
DA:34,0
DA:38,0
DA:41,0
DA:42,0
DA:44,0
DA:45,0
DA:48,0
DA:51,0
DA:62,0
DA:63,0
DA:64,0
DA:67,0
DA:70,0
DA:72,0
DA:73,0
DA:81,0
DA:82,0
DA:83,0
DA:84,0
DA:86,0
DA:101,0
DA:102,0
DA:103,0
DA:106,0
DA:107,0
DA:109,0
DA:110,0
DA:117,0
DA:122,0
DA:123,0
DA:124,0
DA:126,0
DA:127,0
DA:128,0
DA:130,0
DA:131,0
DA:132,0
DA:135,0
DA:136,0
DA:137,0
DA:139,0
DA:147,0
DA:148,0
DA:149,0
DA:151,0
DA:152,0
DA:159,0
DA:160,0
DA:161,0
DA:162,0
DA:164,0
DA:165,0
DA:166,0
DA:168,0
DA:169,0
DA:170,0
DA:173,0
DA:174,0
DA:175,0
DA:177,0
DA:185,0
DA:186,0
DA:187,0
DA:189,0
DA:190,0
DA:198,0
DA:200,0
DA:216,0
DA:229,0
DA:230,0
DA:231,0
DA:234,0
DA:235,0
DA:236,0
DA:243,0
DA:244,0
LF:90
LH:1
BRDA:7,0,0,0
BRDA:8,1,0,0
BRDA:8,2,0,0
BRDA:8,2,1,0
BRDA:28,3,0,0
BRDA:33,4,0,0
BRDA:41,5,0,0
BRDA:41,5,1,0
BRDA:42,6,0,0
BRDA:42,6,1,0
BRDA:62,7,0,0
BRDA:70,8,0,0
BRDA:70,8,1,0
BRDA:81,9,0,0
BRDA:101,10,0,0
BRDA:107,11,0,0
BRDA:107,11,1,0
BRDA:119,12,0,0
BRDA:120,13,0,0
BRDA:130,14,0,0
BRDA:130,15,0,0
BRDA:130,15,1,0
BRDA:147,16,0,0
BRDA:149,17,0,0
BRDA:149,17,1,0
BRDA:159,18,0,0
BRDA:159,19,0,0
BRDA:168,20,0,0
BRDA:168,21,0,0
BRDA:168,21,1,0
BRDA:185,22,0,0
BRDA:187,23,0,0
BRDA:187,23,1,0
BRDA:202,24,0,0
BRDA:202,24,1,0
BRDA:203,25,0,0
BRDA:203,25,1,0
BRDA:204,26,0,0
BRDA:204,26,1,0
BRDA:205,27,0,0
BRDA:205,27,1,0
BRDA:206,28,0,0
BRDA:206,28,1,0
BRDA:208,29,0,0
BRDA:208,29,1,0
BRDA:215,30,0,0
BRDA:215,30,1,0
BRDA:229,31,0,0
BRDA:230,32,0,0
BRDA:230,33,0,0
BRDA:230,33,1,0
BRF:51
BRH:0
end_of_record
